{
  "siwr-1-childsnack-p01.pddl": {
    "algorithm": "siwr-1",
    "cost": 21,
    "coverage": 1,
    "domain": "childsnack",
    "error": "plan-found",
    "id": [
      "siwr-1",
      "childsnack",
      "p01.pddl"
    ],
    "memory_limit": 3000,
    "node": "n1961",
    "nodes_expanded": 52,
    "nodes_generated": 550,
    "nodes_pruned": 1261,
    "not_i_reachable": 0,
    "planner_exit_code": 0,
    "problem": "p01.pddl",
    "run_dir": "runs-00001-00100/00031",
    "time_limit": 1800,
    "total_time": 0.003521,
    "width_average": 0.4,
    "width_maximum": 1
  },
  "siwr-1-childsnack-p02.pddl": {
    "algorithm": "siwr-1",
    "cost": 26,
    "coverage": 1,
    "domain": "childsnack",
    "error": "plan-found",
    "id": [
      "siwr-1",
      "childsnack",
      "p02.pddl"
    ],
    "memory_limit": 3000,
    "node": "n1961",
    "nodes_expanded": 102,
    "nodes_generated": 922,
    "nodes_pruned": 3294,
    "not_i_reachable": 0,
    "planner_exit_code": 0,
    "problem": "p02.pddl",
    "run_dir": "runs-00001-00100/00032",
    "time_limit": 1800,
    "total_time": 0.006259,
    "width_average": 0.444444,
    "width_maximum": 1
  },
  "siwr-1-childsnack-p03.pddl": {
    "algorithm": "siwr-1",
    "cost": 31,
    "coverage": 1,
    "domain": "childsnack",
    "error": "plan-found",
    "id": [
      "siwr-1",
      "childsnack",
      "p03.pddl"
    ],
    "memory_limit": 3000,
    "node": "n722",
    "nodes_expanded": 132,
    "nodes_generated": 1631,
    "nodes_pruned": 7171,
    "not_i_reachable": 0,
    "planner_exit_code": 0,
    "problem": "p03.pddl",
    "run_dir": "runs-00001-00100/00033",
    "time_limit": 1800,
    "total_time": 0.009304,
    "width_average": 0.47619,
    "width_maximum": 1
  },
  "siwr-1-childsnack-p04.pddl": {
    "algorithm": "siwr-1",
    "cost": 41,
    "coverage": 1,
    "domain": "childsnack",
    "error": "plan-found",
    "id": [
      "siwr-1",
      "childsnack",
      "p04.pddl"
    ],
    "memory_limit": 3000,
    "node": "n250",
    "nodes_expanded": 209,
    "nodes_generated": 4452,
    "nodes_pruned": 28725,
    "not_i_reachable": 0,
    "planner_exit_code": 0,
    "problem": "p04.pddl",
    "run_dir": "runs-00001-00100/00034",
    "time_limit": 1800,
    "total_time": 0.037261,
    "width_average": 0.518519,
    "width_maximum": 1
  },
  "siwr-1-childsnack-p05.pddl": {
    "algorithm": "siwr-1",
    "cost": 46,
    "coverage": 1,
    "domain": "childsnack",
    "error": "plan-found",
    "id": [
      "siwr-1",
      "childsnack",
      "p05.pddl"
    ],
    "memory_limit": 3000,
    "node": "n250",
    "nodes_expanded": 255,
    "nodes_generated": 6898,
    "nodes_pruned": 52357,
    "not_i_reachable": 0,
    "planner_exit_code": 0,
    "problem": "p05.pddl",
    "run_dir": "runs-00001-00100/00035",
    "time_limit": 1800,
    "total_time": 0.064562,
    "width_average": 0.533333,
    "width_maximum": 1
  },
  "siwr-1-childsnack-p06.pddl": {
    "algorithm": "siwr-1",
    "cost": 56,
    "coverage": 1,
    "domain": "childsnack",
    "error": "plan-found",
    "id": [
      "siwr-1",
      "childsnack",
      "p06.pddl"
    ],
    "memory_limit": 3000,
    "node": "n1062",
    "nodes_expanded": 354,
    "nodes_generated": 13452,
    "nodes_pruned": 133319,
    "not_i_reachable": 0,
    "planner_exit_code": 0,
    "problem": "p06.pddl",
    "run_dir": "runs-00001-00100/00036",
    "time_limit": 1800,
    "total_time": 0.131859,
    "width_average": 0.555556,
    "width_maximum": 1
  },
  "siwr-1-childsnack-p07.pddl": {
    "algorithm": "siwr-1",
    "cost": 61,
    "coverage": 1,
    "domain": "childsnack",
    "error": "plan-found",
    "id": [
      "siwr-1",
      "childsnack",
      "p07.pddl"
    ],
    "memory_limit": 3000,
    "node": "n428",
    "nodes_expanded": 411,
    "nodes_generated": 18973,
    "nodes_pruned": 210582,
    "not_i_reachable": 0,
    "planner_exit_code": 0,
    "problem": "p07.pddl",
    "run_dir": "runs-00001-00100/00037",
    "time_limit": 1800,
    "total_time": 0.246538,
    "width_average": 0.564103,
    "width_maximum": 1
  },
  "siwr-1-childsnack-p08.pddl": {
    "algorithm": "siwr-1",
    "cost": 66,
    "coverage": 1,
    "domain": "childsnack",
    "error": "plan-found",
    "id": [
      "siwr-1",
      "childsnack",
      "p08.pddl"
    ],
    "memory_limit": 3000,
    "node": "n250",
    "nodes_expanded": 476,
    "nodes_generated": 26085,
    "nodes_pruned": 325482,
    "not_i_reachable": 0,
    "planner_exit_code": 0,
    "problem": "p08.pddl",
    "run_dir": "runs-00001-00100/00038",
    "time_limit": 1800,
    "total_time": 0.398593,
    "width_average": 0.571429,
    "width_maximum": 1
  },
  "siwr-1-childsnack-p09.pddl": {
    "algorithm": "siwr-1",
    "cost": 76,
    "coverage": 1,
    "domain": "childsnack",
    "error": "plan-found",
    "id": [
      "siwr-1",
      "childsnack",
      "p09.pddl"
    ],
    "memory_limit": 3000,
    "node": "n299",
    "nodes_expanded": 597,
    "nodes_generated": 42989,
    "nodes_pruned": 645240,
    "not_i_reachable": 0,
    "planner_exit_code": 0,
    "problem": "p09.pddl",
    "run_dir": "runs-00001-00100/00039",
    "time_limit": 1800,
    "total_time": 0.839568,
    "width_average": 0.583333,
    "width_maximum": 1
  },
  "siwr-1-childsnack-p10.pddl": {
    "algorithm": "siwr-1",
    "cost": 81,
    "coverage": 1,
    "domain": "childsnack",
    "error": "plan-found",
    "id": [
      "siwr-1",
      "childsnack",
      "p10.pddl"
    ],
    "memory_limit": 3000,
    "node": "n721",
    "nodes_expanded": 672,
    "nodes_generated": 55909,
    "nodes_pruned": 910560,
    "not_i_reachable": 0,
    "planner_exit_code": 0,
    "problem": "p10.pddl",
    "run_dir": "runs-00001-00100/00040",
    "time_limit": 1800,
    "total_time": 1.27589,
    "width_average": 0.588235,
    "width_maximum": 1
  },
  "siwr-1-childsnack-p11.pddl": {
    "algorithm": "siwr-1",
    "cost": 91,
    "coverage": 1,
    "domain": "childsnack",
    "error": "plan-found",
    "id": [
      "siwr-1",
      "childsnack",
      "p11.pddl"
    ],
    "memory_limit": 3000,
    "node": "n256",
    "nodes_expanded": 812,
    "nodes_generated": 90514,
    "nodes_pruned": 1725994,
    "not_i_reachable": 0,
    "planner_exit_code": 0,
    "problem": "p11.pddl",
    "run_dir": "runs-00001-00100/00041",
    "time_limit": 1800,
    "total_time": 2.34726,
    "width_average": 0.596491,
    "width_maximum": 1
  },
  "siwr-1-childsnack-p12.pddl": {
    "algorithm": "siwr-1",
    "cost": 96,
    "coverage": 1,
    "domain": "childsnack",
    "error": "plan-found",
    "id": [
      "siwr-1",
      "childsnack",
      "p12.pddl"
    ],
    "memory_limit": 3000,
    "node": "n1961",
    "nodes_expanded": 906,
    "nodes_generated": 112928,
    "nodes_pruned": 2302155,
    "not_i_reachable": 0,
    "planner_exit_code": 0,
    "problem": "p12.pddl",
    "run_dir": "runs-00001-00100/00042",
    "time_limit": 1800,
    "total_time": 2.62794,
    "width_average": 0.6,
    "width_maximum": 1
  },
  "siwr-1-childsnack-p13.pddl": {
    "algorithm": "siwr-1",
    "cost": 101,
    "coverage": 1,
    "domain": "childsnack",
    "error": "plan-found",
    "id": [
      "siwr-1",
      "childsnack",
      "p13.pddl"
    ],
    "memory_limit": 3000,
    "node": "n1961",
    "nodes_expanded": 993,
    "nodes_generated": 131577,
    "nodes_pruned": 2883025,
    "not_i_reachable": 0,
    "planner_exit_code": 0,
    "problem": "p13.pddl",
    "run_dir": "runs-00001-00100/00043",
    "time_limit": 1800,
    "total_time": 4.3839,
    "width_average": 0.603175,
    "width_maximum": 1
  },
  "siwr-1-childsnack-p14.pddl": {
    "algorithm": "siwr-1",
    "cost": 111,
    "coverage": 1,
    "domain": "childsnack",
    "error": "plan-found",
    "id": [
      "siwr-1",
      "childsnack",
      "p14.pddl"
    ],
    "memory_limit": 3000,
    "node": "n256",
    "nodes_expanded": 1177,
    "nodes_generated": 195175,
    "nodes_pruned": 4808251,
    "not_i_reachable": 0,
    "planner_exit_code": 0,
    "problem": "p14.pddl",
    "run_dir": "runs-00001-00100/00044",
    "time_limit": 1800,
    "total_time": 5.91372,
    "width_average": 0.608696,
    "width_maximum": 1
  },
  "siwr-1-childsnack-p15.pddl": {
    "algorithm": "siwr-1",
    "cost": 116,
    "coverage": 1,
    "domain": "childsnack",
    "error": "plan-found",
    "id": [
      "siwr-1",
      "childsnack",
      "p15.pddl"
    ],
    "memory_limit": 3000,
    "node": "n250",
    "nodes_expanded": 1284,
    "nodes_generated": 234585,
    "nodes_pruned": 6139215,
    "not_i_reachable": 0,
    "planner_exit_code": 0,
    "problem": "p15.pddl",
    "run_dir": "runs-00001-00100/00045",
    "time_limit": 1800,
    "total_time": 9.70589,
    "width_average": 0.611111,
    "width_maximum": 1
  },
  "siwr-1-childsnack-p16.pddl": {
    "algorithm": "siwr-1",
    "cost": 121,
    "coverage": 1,
    "domain": "childsnack",
    "error": "plan-found",
    "id": [
      "siwr-1",
      "childsnack",
      "p16.pddl"
    ],
    "memory_limit": 3000,
    "node": "n817",
    "nodes_expanded": 1392,
    "nodes_generated": 279725,
    "nodes_pruned": 7750096,
    "not_i_reachable": 0,
    "planner_exit_code": 0,
    "problem": "p16.pddl",
    "run_dir": "runs-00001-00100/00046",
    "time_limit": 1800,
    "total_time": 11.2492,
    "width_average": 0.613333,
    "width_maximum": 1
  },
  "siwr-1-childsnack-p17.pddl": {
    "algorithm": "siwr-1",
    "cost": 131,
    "coverage": 1,
    "domain": "childsnack",
    "error": "plan-found",
    "id": [
      "siwr-1",
      "childsnack",
      "p17.pddl"
    ],
    "memory_limit": 3000,
    "node": "n428",
    "nodes_expanded": 1597,
    "nodes_generated": 372281,
    "nodes_pruned": 11401883,
    "not_i_reachable": 0,
    "planner_exit_code": 0,
    "problem": "p17.pddl",
    "run_dir": "runs-00001-00100/00047",
    "time_limit": 1800,
    "total_time": 18.8719,
    "width_average": 0.617284,
    "width_maximum": 1
  },
  "siwr-1-childsnack-p18.pddl": {
    "algorithm": "siwr-1",
    "cost": 136,
    "coverage": 1,
    "domain": "childsnack",
    "error": "plan-found",
    "id": [
      "siwr-1",
      "childsnack",
      "p18.pddl"
    ],
    "memory_limit": 3000,
    "node": "n256",
    "nodes_expanded": 1713,
    "nodes_generated": 435638,
    "nodes_pruned": 13964617,
    "not_i_reachable": 0,
    "planner_exit_code": 0,
    "problem": "p18.pddl",
    "run_dir": "runs-00001-00100/00048",
    "time_limit": 1800,
    "total_time": 20.5298,
    "width_average": 0.619048,
    "width_maximum": 1
  },
  "siwr-1-childsnack-p19.pddl": {
    "algorithm": "siwr-1",
    "cost": 146,
    "coverage": 1,
    "domain": "childsnack",
    "error": "plan-found",
    "id": [
      "siwr-1",
      "childsnack",
      "p19.pddl"
    ],
    "memory_limit": 3000,
    "node": "n251",
    "nodes_expanded": 1958,
    "nodes_generated": 586527,
    "nodes_pruned": 20576907,
    "not_i_reachable": 0,
    "planner_exit_code": 0,
    "problem": "p19.pddl",
    "run_dir": "runs-00001-00100/00049",
    "time_limit": 1800,
    "total_time": 34.3624,
    "width_average": 0.622222,
    "width_maximum": 1
  },
  "siwr-1-childsnack-p20.pddl": {
    "algorithm": "siwr-1",
    "cost": 151,
    "coverage": 1,
    "domain": "childsnack",
    "error": "plan-found",
    "id": [
      "siwr-1",
      "childsnack",
      "p20.pddl"
    ],
    "memory_limit": 3000,
    "node": "n256",
    "nodes_expanded": 2078,
    "nodes_generated": 649388,
    "nodes_pruned": 23805605,
    "not_i_reachable": 0,
    "planner_exit_code": 0,
    "problem": "p20.pddl",
    "run_dir": "runs-00001-00100/00050",
    "time_limit": 1800,
    "total_time": 39.9051,
    "width_average": 0.623656,
    "width_maximum": 1
  },
  "siwr-1-childsnack-p21.pddl": {
    "algorithm": "siwr-1",
    "cost": 156,
    "coverage": 1,
    "domain": "childsnack",
    "error": "plan-found",
    "id": [
      "siwr-1",
      "childsnack",
      "p21.pddl"
    ],
    "memory_limit": 3000,
    "node": "n251",
    "nodes_expanded": 2209,
    "nodes_generated": 744885,
    "nodes_pruned": 28398362,
    "not_i_reachable": 0,
    "planner_exit_code": 0,
    "problem": "p21.pddl",
    "run_dir": "runs-00001-00100/00051",
    "time_limit": 1800,
    "total_time": 39.7312,
    "width_average": 0.625,
    "width_maximum": 1
  },
  "siwr-1-childsnack-p22.pddl": {
    "algorithm": "siwr-1",
    "cost": 166,
    "coverage": 1,
    "domain": "childsnack",
    "error": "plan-found",
    "id": [
      "siwr-1",
      "childsnack",
      "p22.pddl"
    ],
    "memory_limit": 3000,
    "node": "n251",
    "nodes_expanded": 2484,
    "nodes_generated": 967314,
    "nodes_pruned": 39786847,
    "not_i_reachable": 0,
    "planner_exit_code": 0,
    "problem": "p22.pddl",
    "run_dir": "runs-00001-00100/00052",
    "time_limit": 1800,
    "total_time": 68.4504,
    "width_average": 0.627451,
    "width_maximum": 1
  },
  "siwr-1-childsnack-p23.pddl": {
    "algorithm": "siwr-1",
    "cost": 98,
    "coverage": 1,
    "domain": "childsnack",
    "error": "plan-found",
    "id": [
      "siwr-1",
      "childsnack",
      "p23.pddl"
    ],
    "memory_limit": 3000,
    "node": "n428",
    "nodes_expanded": 1940,
    "nodes_generated": 211093,
    "nodes_pruned": 10260321,
    "not_i_reachable": 0,
    "planner_exit_code": 0,
    "problem": "p23.pddl",
    "run_dir": "runs-00001-00100/00053",
    "time_limit": 1800,
    "total_time": 15.7207,
    "width_average": 0.633333,
    "width_maximum": 1
  },
  "siwr-1-childsnack-p24.pddl": {
    "algorithm": "siwr-1",
    "cost": 103,
    "coverage": 1,
    "domain": "childsnack",
    "error": "plan-found",
    "id": [
      "siwr-1",
      "childsnack",
      "p24.pddl"
    ],
    "memory_limit": 3000,
    "node": "n251",
    "nodes_expanded": 2113,
    "nodes_generated": 251103,
    "nodes_pruned": 12998257,
    "not_i_reachable": 0,
    "planner_exit_code": 0,
    "problem": "p24.pddl",
    "run_dir": "runs-00001-00100/00054",
    "time_limit": 1800,
    "total_time": 20.0616,
    "width_average": 0.634921,
    "width_maximum": 1
  },
  "siwr-1-childsnack-p25.pddl": {
    "algorithm": "siwr-1",
    "cost": 108,
    "coverage": 1,
    "domain": "childsnack",
    "error": "plan-found",
    "id": [
      "siwr-1",
      "childsnack",
      "p25.pddl"
    ],
    "memory_limit": 3000,
    "node": "n250",
    "nodes_expanded": 2350,
    "nodes_generated": 308502,
    "nodes_pruned": 17082306,
    "not_i_reachable": 0,
    "planner_exit_code": 0,
    "problem": "p25.pddl",
    "run_dir": "runs-00001-00100/00055",
    "time_limit": 1800,
    "total_time": 28.5018,
    "width_average": 0.636364,
    "width_maximum": 1
  },
  "siwr-1-childsnack-p26.pddl": {
    "algorithm": "siwr-1",
    "cost": 113,
    "coverage": 1,
    "domain": "childsnack",
    "error": "plan-found",
    "id": [
      "siwr-1",
      "childsnack",
      "p26.pddl"
    ],
    "memory_limit": 3000,
    "node": "n251",
    "nodes_expanded": 2533,
    "nodes_generated": 361565,
    "nodes_pruned": 21127048,
    "not_i_reachable": 0,
    "planner_exit_code": 0,
    "problem": "p26.pddl",
    "run_dir": "runs-00001-00100/00056",
    "time_limit": 1800,
    "total_time": 33.7735,
    "width_average": 0.637681,
    "width_maximum": 1
  },
  "siwr-1-childsnack-p27.pddl": {
    "algorithm": "siwr-1",
    "cost": 118,
    "coverage": 1,
    "domain": "childsnack",
    "error": "plan-found",
    "id": [
      "siwr-1",
      "childsnack",
      "p27.pddl"
    ],
    "memory_limit": 3000,
    "node": "n256",
    "nodes_expanded": 2792,
    "nodes_generated": 436417,
    "nodes_pruned": 27068540,
    "not_i_reachable": 0,
    "planner_exit_code": 0,
    "problem": "p27.pddl",
    "run_dir": "runs-00001-00100/00057",
    "time_limit": 1800,
    "total_time": 42.8908,
    "width_average": 0.638889,
    "width_maximum": 1
  },
  "siwr-1-childsnack-p28.pddl": {
    "algorithm": "siwr-1",
    "cost": 123,
    "coverage": 1,
    "domain": "childsnack",
    "error": "plan-found",
    "id": [
      "siwr-1",
      "childsnack",
      "p28.pddl"
    ],
    "memory_limit": 3000,
    "node": "n723",
    "nodes_expanded": 3070,
    "nodes_generated": 522742,
    "nodes_pruned": 34377961,
    "not_i_reachable": 0,
    "planner_exit_code": 0,
    "problem": "p28.pddl",
    "run_dir": "runs-00001-00100/00058",
    "time_limit": 1800,
    "total_time": 43.7381,
    "width_average": 0.64,
    "width_maximum": 1
  },
  "siwr-1-childsnack-p29.pddl": {
    "algorithm": "siwr-1",
    "cost": 128,
    "coverage": 1,
    "domain": "childsnack",
    "error": "plan-found",
    "id": [
      "siwr-1",
      "childsnack",
      "p29.pddl"
    ],
    "memory_limit": 3000,
    "node": "n256",
    "nodes_expanded": 3276,
    "nodes_generated": 600686,
    "nodes_pruned": 41407727,
    "not_i_reachable": 0,
    "planner_exit_code": 0,
    "problem": "p29.pddl",
    "run_dir": "runs-00001-00100/00059",
    "time_limit": 1800,
    "total_time": 65.9786,
    "width_average": 0.641026,
    "width_maximum": 1
  },
  "siwr-1-childsnack-p30.pddl": {
    "algorithm": "siwr-1",
    "cost": 133,
    "coverage": 1,
    "domain": "childsnack",
    "error": "plan-found",
    "id": [
      "siwr-1",
      "childsnack",
      "p30.pddl"
    ],
    "memory_limit": 3000,
    "node": "n250",
    "nodes_expanded": 3563,
    "nodes_generated": 709646,
    "nodes_pruned": 51314061,
    "not_i_reachable": 0,
    "planner_exit_code": 0,
    "problem": "p30.pddl",
    "run_dir": "runs-00001-00100/00060",
    "time_limit": 1800,
    "total_time": 89.5113,
    "width_average": 0.641975,
    "width_maximum": 1
  },
  "siwr-1-driverlog-p01.pddl": {
    "algorithm": "siwr-1",
    "cost": 74,
    "coverage": 1,
    "domain": "driverlog",
    "error": "plan-found",
    "id": [
      "siwr-1",
      "driverlog",
      "p01.pddl"
    ],
    "memory_limit": 3000,
    "node": "n256",
    "nodes_expanded": 574,
    "nodes_generated": 1895,
    "nodes_pruned": 8253,
    "not_i_reachable": 0,
    "planner_exit_code": 0,
    "problem": "p01.pddl",
    "run_dir": "runs-00001-00100/00061",
    "time_limit": 1800,
    "total_time": 0.047453,
    "width_average": 0.363636,
    "width_maximum": 1
  },
  "siwr-1-driverlog-p02.pddl": {
    "algorithm": "siwr-1",
    "cost": 110,
    "coverage": 1,
    "domain": "driverlog",
    "error": "plan-found",
    "id": [
      "siwr-1",
      "driverlog",
      "p02.pddl"
    ],
    "memory_limit": 3000,
    "node": "n1961",
    "nodes_expanded": 1613,
    "nodes_generated": 3422,
    "nodes_pruned": 28751,
    "not_i_reachable": 0,
    "planner_exit_code": 0,
    "problem": "p02.pddl",
    "run_dir": "runs-00001-00100/00062",
    "time_limit": 1800,
    "total_time": 0.16668,
    "width_average": 0.333333,
    "width_maximum": 1
  },
  "siwr-1-driverlog-p03.pddl": {
    "algorithm": "siwr-1",
    "cost": 115,
    "coverage": 1,
    "domain": "driverlog",
    "error": "plan-found",
    "id": [
      "siwr-1",
      "driverlog",
      "p03.pddl"
    ],
    "memory_limit": 3000,
    "node": "n1962",
    "nodes_expanded": 1074,
    "nodes_generated": 3443,
    "nodes_pruned": 15399,
    "not_i_reachable": 0,
    "planner_exit_code": 0,
    "problem": "p03.pddl",
    "run_dir": "runs-00001-00100/00063",
    "time_limit": 1800,
    "total_time": 0.309517,
    "width_average": 0.508197,
    "width_maximum": 1
  },
  "siwr-1-driverlog-p04.pddl": {
    "algorithm": "siwr-1",
    "cost": 142,
    "coverage": 1,
    "domain": "driverlog",
    "error": "plan-found",
    "id": [
      "siwr-1",
      "driverlog",
      "p04.pddl"
    ],
    "memory_limit": 3000,
    "node": "n1962",
    "nodes_expanded": 1708,
    "nodes_generated": 5112,
    "nodes_pruned": 27083,
    "not_i_reachable": 0,
    "planner_exit_code": 0,
    "problem": "p04.pddl",
    "run_dir": "runs-00001-00100/00064",
    "time_limit": 1800,
    "total_time": 0.670092,
    "width_average": 0.5,
    "width_maximum": 1
  },
  "siwr-1-driverlog-p05.pddl": {
    "algorithm": "siwr-1",
    "cost": 136,
    "coverage": 1,
    "domain": "driverlog",
    "error": "plan-found",
    "id": [
      "siwr-1",
      "driverlog",
      "p05.pddl"
    ],
    "memory_limit": 3000,
    "node": "n250",
    "nodes_expanded": 2173,
    "nodes_generated": 6924,
    "nodes_pruned": 35264,
    "not_i_reachable": 0,
    "planner_exit_code": 0,
    "problem": "p05.pddl",
    "run_dir": "runs-00001-00100/00065",
    "time_limit": 1800,
    "total_time": 0.865044,
    "width_average": 0.606061,
    "width_maximum": 1
  },
  "siwr-1-driverlog-p06.pddl": {
    "algorithm": "siwr-1",
    "cost": 196,
    "coverage": 1,
    "domain": "driverlog",
    "error": "plan-found",
    "id": [
      "siwr-1",
      "driverlog",
      "p06.pddl"
    ],
    "memory_limit": 3000,
    "node": "n256",
    "nodes_expanded": 4027,
    "nodes_generated": 11132,
    "nodes_pruned": 74022,
    "not_i_reachable": 0,
    "planner_exit_code": 0,
    "problem": "p06.pddl",
    "run_dir": "runs-00001-00100/00066",
    "time_limit": 1800,
    "total_time": 2.17456,
    "width_average": 0.617977,
    "width_maximum": 1
  },
  "siwr-1-driverlog-p07.pddl": {
    "algorithm": "siwr-1",
    "cost": 214,
    "coverage": 1,
    "domain": "driverlog",
    "error": "plan-found",
    "id": [
      "siwr-1",
      "driverlog",
      "p07.pddl"
    ],
    "memory_limit": 3000,
    "node": "n1062",
    "nodes_expanded": 3396,
    "nodes_generated": 10499,
    "nodes_pruned": 71376,
    "not_i_reachable": 0,
    "planner_exit_code": 0,
    "problem": "p07.pddl",
    "run_dir": "runs-00001-00100/00067",
    "time_limit": 1800,
    "total_time": 3.20547,
    "width_average": 0.560748,
    "width_maximum": 1
  },
  "siwr-1-driverlog-p08.pddl": {
    "algorithm": "siwr-1",
    "cost": 240,
    "coverage": 1,
    "domain": "driverlog",
    "error": "plan-found",
    "id": [
      "siwr-1",
      "driverlog",
      "p08.pddl"
    ],
    "memory_limit": 3000,
    "node": "n1062",
    "nodes_expanded": 3798,
    "nodes_generated": 10806,
    "nodes_pruned": 49441,
    "not_i_reachable": 0,
    "planner_exit_code": 0,
    "problem": "p08.pddl",
    "run_dir": "runs-00001-00100/00068",
    "time_limit": 1800,
    "total_time": 3.01945,
    "width_average": 0.598131,
    "width_maximum": 1
  },
  "siwr-1-driverlog-p09.pddl": {
    "algorithm": "siwr-1",
    "cost": 226,
    "coverage": 1,
    "domain": "driverlog",
    "error": "plan-found",
    "id": [
      "siwr-1",
      "driverlog",
      "p09.pddl"
    ],
    "memory_limit": 3000,
    "node": "n1960",
    "nodes_expanded": 4228,
    "nodes_generated": 14154,
    "nodes_pruned": 75908,
    "not_i_reachable": 0,
    "planner_exit_code": 0,
    "problem": "p09.pddl",
    "run_dir": "runs-00001-00100/00069",
    "time_limit": 1800,
    "total_time": 5.29938,
    "width_average": 0.592593,
    "width_maximum": 1
  },
  "siwr-1-driverlog-p10.pddl": {
    "algorithm": "siwr-1",
    "cost": 261,
    "coverage": 1,
    "domain": "driverlog",
    "error": "plan-found",
    "id": [
      "siwr-1",
      "driverlog",
      "p10.pddl"
    ],
    "memory_limit": 3000,
    "node": "n251",
    "nodes_expanded": 5892,
    "nodes_generated": 19348,
    "nodes_pruned": 136650,
    "not_i_reachable": 0,
    "planner_exit_code": 0,
    "problem": "p10.pddl",
    "run_dir": "runs-00001-00100/00070",
    "time_limit": 1800,
    "total_time": 6.58525,
    "width_average": 0.65,
    "width_maximum": 1
  },
  "siwr-1-driverlog-p11.pddl": {
    "algorithm": "siwr-1",
    "cost": 286,
    "coverage": 1,
    "domain": "driverlog",
    "error": "plan-found",
    "id": [
      "siwr-1",
      "driverlog",
      "p11.pddl"
    ],
    "memory_limit": 3000,
    "node": "n256",
    "nodes_expanded": 6401,
    "nodes_generated": 19735,
    "nodes_pruned": 116741,
    "not_i_reachable": 0,
    "planner_exit_code": 0,
    "problem": "p11.pddl",
    "run_dir": "runs-00001-00100/00071",
    "time_limit": 1800,
    "total_time": 9.16318,
    "width_average": 0.583333,
    "width_maximum": 1
  },
  "siwr-1-driverlog-p12.pddl": {
    "algorithm": "siwr-1",
    "cost": 349,
    "coverage": 1,
    "domain": "driverlog",
    "error": "plan-found",
    "id": [
      "siwr-1",
      "driverlog",
      "p12.pddl"
    ],
    "memory_limit": 3000,
    "node": "n256",
    "nodes_expanded": 8323,
    "nodes_generated": 20664,
    "nodes_pruned": 133319,
    "not_i_reachable": 0,
    "planner_exit_code": 0,
    "problem": "p12.pddl",
    "run_dir": "runs-00001-00100/00072",
    "time_limit": 1800,
    "total_time": 16.8726,
    "width_average": 0.578616,
    "width_maximum": 1
  },
  "siwr-1-driverlog-p13.pddl": {
    "algorithm": "siwr-1",
    "cost": 322,
    "coverage": 1,
    "domain": "driverlog",
    "error": "plan-found",
    "id": [
      "siwr-1",
      "driverlog",
      "p13.pddl"
    ],
    "memory_limit": 3000,
    "node": "n256",
    "nodes_expanded": 5255,
    "nodes_generated": 20005,
    "nodes_pruned": 103674,
    "not_i_reachable": 0,
    "planner_exit_code": 0,
    "problem": "p13.pddl",
    "run_dir": "runs-00001-00100/00073",
    "time_limit": 1800,
    "total_time": 16.6,
    "width_average": 0.580645,
    "width_maximum": 1
  },
  "siwr-1-driverlog-p14.pddl": {
    "algorithm": "siwr-1",
    "cost": 365,
    "coverage": 1,
    "domain": "driverlog",
    "error": "plan-found",
    "id": [
      "siwr-1",
      "driverlog",
      "p14.pddl"
    ],
    "memory_limit": 3000,
    "node": "n251",
    "nodes_expanded": 9068,
    "nodes_generated": 30283,
    "nodes_pruned": 204855,
    "not_i_reachable": 0,
    "planner_exit_code": 0,
    "problem": "p14.pddl",
    "run_dir": "runs-00001-00100/00074",
    "time_limit": 1800,
    "total_time": 21.664,
    "width_average": 0.666667,
    "width_maximum": 1
  },
  "siwr-1-driverlog-p15.pddl": {
    "algorithm": "siwr-1",
    "cost": 397,
    "coverage": 1,
    "domain": "driverlog",
    "error": "plan-found",
    "id": [
      "siwr-1",
      "driverlog",
      "p15.pddl"
    ],
    "memory_limit": 3000,
    "node": "n1962",
    "nodes_expanded": 10387,
    "nodes_generated": 34665,
    "nodes_pruned": 217624,
    "not_i_reachable": 0,
    "planner_exit_code": 0,
    "problem": "p15.pddl",
    "run_dir": "runs-00001-00100/00075",
    "time_limit": 1800,
    "total_time": 27.2059,
    "width_average": 0.705882,
    "width_maximum": 1
  },
  "siwr-1-driverlog-p16.pddl": {
    "algorithm": "siwr-1",
    "cost": 422,
    "coverage": 1,
    "domain": "driverlog",
    "error": "plan-found",
    "id": [
      "siwr-1",
      "driverlog",
      "p16.pddl"
    ],
    "memory_limit": 3000,
    "node": "n1961",
    "nodes_expanded": 14341,
    "nodes_generated": 42562,
    "nodes_pruned": 380684,
    "not_i_reachable": 0,
    "planner_exit_code": 0,
    "problem": "p16.pddl",
    "run_dir": "runs-00001-00100/00076",
    "time_limit": 1800,
    "total_time": 41.9853,
    "width_average": 0.62766,
    "width_maximum": 1
  },
  "siwr-1-driverlog-p17.pddl": {
    "algorithm": "siwr-1",
    "cost": 450,
    "coverage": 1,
    "domain": "driverlog",
    "error": "plan-found",
    "id": [
      "siwr-1",
      "driverlog",
      "p17.pddl"
    ],
    "memory_limit": 3000,
    "node": "n256",
    "nodes_expanded": 12596,
    "nodes_generated": 34790,
    "nodes_pruned": 280895,
    "not_i_reachable": 0,
    "planner_exit_code": 0,
    "problem": "p17.pddl",
    "run_dir": "runs-00001-00100/00077",
    "time_limit": 1800,
    "total_time": 42.4732,
    "width_average": 0.603015,
    "width_maximum": 1
  },
  "siwr-1-driverlog-p18.pddl": {
    "algorithm": "siwr-1",
    "cost": 447,
    "coverage": 1,
    "domain": "driverlog",
    "error": "plan-found",
    "id": [
      "siwr-1",
      "driverlog",
      "p18.pddl"
    ],
    "memory_limit": 3000,
    "node": "n256",
    "nodes_expanded": 14676,
    "nodes_generated": 43221,
    "nodes_pruned": 440996,
    "not_i_reachable": 0,
    "planner_exit_code": 0,
    "problem": "p18.pddl",
    "run_dir": "runs-00001-00100/00078",
    "time_limit": 1800,
    "total_time": 43.2733,
    "width_average": 0.661202,
    "width_maximum": 1
  },
  "siwr-1-driverlog-p19.pddl": {
    "algorithm": "siwr-1",
    "cost": 482,
    "coverage": 1,
    "domain": "driverlog",
    "error": "plan-found",
    "id": [
      "siwr-1",
      "driverlog",
      "p19.pddl"
    ],
    "memory_limit": 3000,
    "node": "n250",
    "nodes_expanded": 17147,
    "nodes_generated": 52924,
    "nodes_pruned": 483436,
    "not_i_reachable": 0,
    "planner_exit_code": 0,
    "problem": "p19.pddl",
    "run_dir": "runs-00001-00100/00079",
    "time_limit": 1800,
    "total_time": 65.5797,
    "width_average": 0.626168,
    "width_maximum": 1
  },
  "siwr-1-driverlog-p20.pddl": {
    "algorithm": "siwr-1",
    "cost": 561,
    "coverage": 1,
    "domain": "driverlog",
    "error": "plan-found",
    "id": [
      "siwr-1",
      "driverlog",
      "p20.pddl"
    ],
    "memory_limit": 3000,
    "node": "n722",
    "nodes_expanded": 14227,
    "nodes_generated": 44069,
    "nodes_pruned": 273603,
    "not_i_reachable": 0,
    "planner_exit_code": 0,
    "problem": "p20.pddl",
    "run_dir": "runs-00001-00100/00080",
    "time_limit": 1800,
    "total_time": 67.8698,
    "width_average": 0.655462,
    "width_maximum": 1
  },
  "siwr-1-driverlog-p21.pddl": {
    "algorithm": "siwr-1",
    "cost": 555,
    "coverage": 1,
    "domain": "driverlog",
    "error": "plan-found",
    "id": [
      "siwr-1",
      "driverlog",
      "p21.pddl"
    ],
    "memory_limit": 3000,
    "node": "n1961",
    "nodes_expanded": 16167,
    "nodes_generated": 44875,
    "nodes_pruned": 255936,
    "not_i_reachable": 0,
    "planner_exit_code": 0,
    "problem": "p21.pddl",
    "run_dir": "runs-00001-00100/00081",
    "time_limit": 1800,
    "total_time": 94.1935,
    "width_average": 0.663677,
    "width_maximum": 1
  },
  "siwr-1-driverlog-p22.pddl": {
    "algorithm": "siwr-1",
    "cost": 566,
    "coverage": 1,
    "domain": "driverlog",
    "error": "plan-found",
    "id": [
      "siwr-1",
      "driverlog",
      "p22.pddl"
    ],
    "memory_limit": 3000,
    "node": "n1962",
    "nodes_expanded": 18598,
    "nodes_generated": 57277,
    "nodes_pruned": 610279,
    "not_i_reachable": 0,
    "planner_exit_code": 0,
    "problem": "p22.pddl",
    "run_dir": "runs-00001-00100/00082",
    "time_limit": 1800,
    "total_time": 89.526,
    "width_average": 0.63786,
    "width_maximum": 1
  },
  "siwr-1-driverlog-p23.pddl": {
    "algorithm": "siwr-1",
    "cost": 595,
    "coverage": 1,
    "domain": "driverlog",
    "error": "plan-found",
    "id": [
      "siwr-1",
      "driverlog",
      "p23.pddl"
    ],
    "memory_limit": 3000,
    "node": "n1062",
    "nodes_expanded": 27954,
    "nodes_generated": 82664,
    "nodes_pruned": 861113,
    "not_i_reachable": 0,
    "planner_exit_code": 0,
    "problem": "p23.pddl",
    "run_dir": "runs-00001-00100/00083",
    "time_limit": 1800,
    "total_time": 122.27,
    "width_average": 0.67623,
    "width_maximum": 1
  },
  "siwr-1-driverlog-p24.pddl": {
    "algorithm": "siwr-1",
    "cost": 658,
    "coverage": 1,
    "domain": "driverlog",
    "error": "plan-found",
    "id": [
      "siwr-1",
      "driverlog",
      "p24.pddl"
    ],
    "memory_limit": 3000,
    "node": "n1961",
    "nodes_expanded": 21772,
    "nodes_generated": 66868,
    "nodes_pruned": 549295,
    "not_i_reachable": 0,
    "planner_exit_code": 0,
    "problem": "p24.pddl",
    "run_dir": "runs-00001-00100/00084",
    "time_limit": 1800,
    "total_time": 156.458,
    "width_average": 0.641304,
    "width_maximum": 1
  },
  "siwr-1-driverlog-p25.pddl": {
    "algorithm": "siwr-1",
    "cost": 620,
    "coverage": 1,
    "domain": "driverlog",
    "error": "plan-found",
    "id": [
      "siwr-1",
      "driverlog",
      "p25.pddl"
    ],
    "memory_limit": 3000,
    "node": "n250",
    "nodes_expanded": 23546,
    "nodes_generated": 69757,
    "nodes_pruned": 749302,
    "not_i_reachable": 0,
    "planner_exit_code": 0,
    "problem": "p25.pddl",
    "run_dir": "runs-00001-00100/00085",
    "time_limit": 1800,
    "total_time": 117.685,
    "width_average": 0.762712,
    "width_maximum": 1
  },
  "siwr-1-driverlog-p26.pddl": {
    "algorithm": "siwr-1",
    "cost": 604,
    "coverage": 1,
    "domain": "driverlog",
    "error": "plan-found",
    "id": [
      "siwr-1",
      "driverlog",
      "p26.pddl"
    ],
    "memory_limit": 3000,
    "node": "n1962",
    "nodes_expanded": 22024,
    "nodes_generated": 79998,
    "nodes_pruned": 804966,
    "not_i_reachable": 0,
    "planner_exit_code": 0,
    "problem": "p26.pddl",
    "run_dir": "runs-00001-00100/00086",
    "time_limit": 1800,
    "total_time": 226.521,
    "width_average": 0.704724,
    "width_maximum": 1
  },
  "siwr-1-driverlog-p27.pddl": {
    "algorithm": "siwr-1",
    "cost": 680,
    "coverage": 1,
    "domain": "driverlog",
    "error": "plan-found",
    "id": [
      "siwr-1",
      "driverlog",
      "p27.pddl"
    ],
    "memory_limit": 3000,
    "node": "n428",
    "nodes_expanded": 35621,
    "nodes_generated": 101111,
    "nodes_pruned": 1057107,
    "not_i_reachable": 0,
    "planner_exit_code": 0,
    "problem": "p27.pddl",
    "run_dir": "runs-00001-00100/00087",
    "time_limit": 1800,
    "total_time": 151.685,
    "width_average": 0.69403,
    "width_maximum": 1
  },
  "siwr-1-driverlog-p28.pddl": {
    "algorithm": "siwr-1",
    "coverage": 0,
    "domain": "driverlog",
    "error": "unsolvable-or-error",
    "id": [
      "siwr-1",
      "driverlog",
      "p28.pddl"
    ],
    "memory_limit": 3000,
    "node": "n251",
    "not_i_reachable": 0,
    "planner_exit_code": 1,
    "problem": "p28.pddl",
    "run_dir": "runs-00001-00100/00088",
    "time_limit": 1800,
    "unexplained_errors": [
      "run.err: Traceback (most recent call last):\n  File \"siwr.py\", line 81, in <module>\n    main( sys.argv[1], sys.argv[2], sys.argv[3], sys.argv[4] )\n  File \"siwr.py\", line 32, in main\n    task.setup()\nMemoryError\n"
    ]
  },
  "siwr-1-driverlog-p29.pddl": {
    "algorithm": "siwr-1",
    "coverage": 0,
    "domain": "driverlog",
    "error": "unsolvable-or-error",
    "id": [
      "siwr-1",
      "driverlog",
      "p29.pddl"
    ],
    "memory_limit": 3000,
    "node": "n428",
    "not_i_reachable": 0,
    "planner_exit_code": 1,
    "problem": "p29.pddl",
    "run_dir": "runs-00001-00100/00089",
    "time_limit": 1800,
    "unexplained_errors": [
      "run.err: Traceback (most recent call last):\n  File \"siwr.py\", line 81, in <module>\n  File \"siwr.py\", line 13, in main\n  File \"/proj/ssiw/projects/code/LAPKT-siwr/planners/siwr/fd/grounding.py\", line 456, in initialize_sketch_strips_problem\nMemoryError\n"
    ]
  },
  "siwr-1-driverlog-p30.pddl": {
    "algorithm": "siwr-1",
    "coverage": 0,
    "domain": "driverlog",
    "error": "unsolvable-or-error",
    "id": [
      "siwr-1",
      "driverlog",
      "p30.pddl"
    ],
    "memory_limit": 3000,
    "node": "n251",
    "not_i_reachable": 0,
    "planner_exit_code": 1,
    "problem": "p30.pddl",
    "run_dir": "runs-00001-00100/00090",
    "time_limit": 1800,
    "unexplained_errors": [
      "run.err: Traceback (most recent call last):\n  File \"siwr.py\", line 81, in <module>\n  File \"siwr.py\", line 13, in main\n  File \"/proj/ssiw/projects/code/LAPKT-siwr/planners/siwr/fd/grounding.py\", line 456, in initialize_sketch_strips_problem\nMemoryError\n"
    ]
  },
  "siwr-1-grid-p01.pddl": {
    "algorithm": "siwr-1",
    "cost": 95,
    "coverage": 1,
    "domain": "grid",
    "error": "plan-found",
    "id": [
      "siwr-1",
      "grid",
      "p01.pddl"
    ],
    "memory_limit": 3000,
    "node": "n256",
    "nodes_expanded": 468,
    "nodes_generated": 852,
    "nodes_pruned": 550,
    "not_i_reachable": 0,
    "planner_exit_code": 0,
    "problem": "p01.pddl",
    "run_dir": "runs-00101-00200/00121",
    "time_limit": 1800,
    "total_time": 0.010124,
    "width_average": 0.866667,
    "width_maximum": 1
  },
  "siwr-1-grid-p02.pddl": {
    "algorithm": "siwr-1",
    "cost": 228,
    "coverage": 1,
    "domain": "grid",
    "error": "plan-found",
    "id": [
      "siwr-1",
      "grid",
      "p02.pddl"
    ],
    "memory_limit": 3000,
    "node": "n722",
    "nodes_expanded": 5122,
    "nodes_generated": 6574,
    "nodes_pruned": 1876,
    "not_i_reachable": 0,
    "planner_exit_code": 0,
    "problem": "p02.pddl",
    "run_dir": "runs-00101-00200/00122",
    "time_limit": 1800,
    "total_time": 0.115479,
    "width_average": 0.876923,
    "width_maximum": 2
  },
  "siwr-1-grid-p03.pddl": {
    "algorithm": "siwr-1",
    "cost": 134,
    "coverage": 1,
    "domain": "grid",
    "error": "plan-found",
    "id": [
      "siwr-1",
      "grid",
      "p03.pddl"
    ],
    "memory_limit": 3000,
    "node": "n256",
    "nodes_expanded": 531,
    "nodes_generated": 1141,
    "nodes_pruned": 518,
    "not_i_reachable": 0,
    "planner_exit_code": 0,
    "problem": "p03.pddl",
    "run_dir": "runs-00101-00200/00123",
    "time_limit": 1800,
    "total_time": 0.055538,
    "width_average": 0.803922,
    "width_maximum": 1
  },
  "siwr-1-grid-p04.pddl": {
    "algorithm": "siwr-1",
    "cost": 89,
    "coverage": 1,
    "domain": "grid",
    "error": "plan-found",
    "id": [
      "siwr-1",
      "grid",
      "p04.pddl"
    ],
    "memory_limit": 3000,
    "node": "n817",
    "nodes_expanded": 317,
    "nodes_generated": 711,
    "nodes_pruned": 293,
    "not_i_reachable": 0,
    "planner_exit_code": 0,
    "problem": "p04.pddl",
    "run_dir": "runs-00101-00200/00124",
    "time_limit": 1800,
    "total_time": 0.078003,
    "width_average": 0.810811,
    "width_maximum": 1
  },
  "siwr-1-grid-p05.pddl": {
    "algorithm": "siwr-1",
    "cost": 1055,
    "coverage": 1,
    "domain": "grid",
    "error": "plan-found",
    "id": [
      "siwr-1",
      "grid",
      "p05.pddl"
    ],
    "memory_limit": 3000,
    "node": "n1961",
    "nodes_expanded": 51244,
    "nodes_generated": 62247,
    "nodes_pruned": 17065,
    "not_i_reachable": 0,
    "planner_exit_code": 0,
    "problem": "p05.pddl",
    "run_dir": "runs-00101-00200/00125",
    "time_limit": 1800,
    "total_time": 7.56765,
    "width_average": 0.905956,
    "width_maximum": 2
  },
  "siwr-1-grid-p06.pddl": {
    "algorithm": "siwr-1",
    "cost": 841,
    "coverage": 1,
    "domain": "grid",
    "error": "plan-found",
    "id": [
      "siwr-1",
      "grid",
      "p06.pddl"
    ],
    "memory_limit": 3000,
    "node": "n428",
    "nodes_expanded": 44248,
    "nodes_generated": 51883,
    "nodes_pruned": 8072,
    "not_i_reachable": 0,
    "planner_exit_code": 0,
    "problem": "p06.pddl",
    "run_dir": "runs-00101-00200/00126",
    "time_limit": 1800,
    "total_time": 6.70752,
    "width_average": 0.925764,
    "width_maximum": 2
  },
  "siwr-1-grid-p07.pddl": {
    "algorithm": "siwr-1",
    "cost": 2307,
    "coverage": 1,
    "domain": "grid",
    "error": "plan-found",
    "id": [
      "siwr-1",
      "grid",
      "p07.pddl"
    ],
    "memory_limit": 3000,
    "node": "n1062",
    "nodes_expanded": 66856,
    "nodes_generated": 82728,
    "nodes_pruned": 40200,
    "not_i_reachable": 0,
    "planner_exit_code": 0,
    "problem": "p07.pddl",
    "run_dir": "runs-00101-00200/00127",
    "time_limit": 1800,
    "total_time": 39.8625,
    "width_average": 0.93686,
    "width_maximum": 2
  },
  "siwr-1-grid-p08.pddl": {
    "algorithm": "siwr-1",
    "cost": 2996,
    "coverage": 1,
    "domain": "grid",
    "error": "plan-found",
    "id": [
      "siwr-1",
      "grid",
      "p08.pddl"
    ],
    "memory_limit": 3000,
    "node": "n721",
    "nodes_expanded": 41357,
    "nodes_generated": 55182,
    "nodes_pruned": 65554,
    "not_i_reachable": 0,
    "planner_exit_code": 0,
    "problem": "p08.pddl",
    "run_dir": "runs-00101-00200/00128",
    "time_limit": 1800,
    "total_time": 104.631,
    "width_average": 0.906128,
    "width_maximum": 1
  },
  "siwr-1-grid-p09.pddl": {
    "algorithm": "siwr-1",
    "cost": 3725,
    "coverage": 1,
    "domain": "grid",
    "error": "plan-found",
    "id": [
      "siwr-1",
      "grid",
      "p09.pddl"
    ],
    "memory_limit": 3000,
    "node": "n1961",
    "nodes_expanded": 130870,
    "nodes_generated": 156168,
    "nodes_pruned": 91187,
    "not_i_reachable": 0,
    "planner_exit_code": 0,
    "problem": "p09.pddl",
    "run_dir": "runs-00101-00200/00129",
    "time_limit": 1800,
    "total_time": 215.322,
    "unexplained_errors": [
      "driver.err: 2022-02-22 13:43:21,873 ERROR    run-planner finished and wrote 1098.3564453125 KiB to run.log (soft limit: 1024.0 KiB)\n"
    ],
    "width_average": 0.928266,
    "width_maximum": 2
  },
  "siwr-1-grid-p10.pddl": {
    "algorithm": "siwr-1",
    "coverage": 0,
    "domain": "grid",
    "error": "unsolvable-or-error",
    "id": [
      "siwr-1",
      "grid",
      "p10.pddl"
    ],
    "memory_limit": 3000,
    "node": "n1962",
    "not_i_reachable": 0,
    "planner_exit_code": 1,
    "problem": "p10.pddl",
    "run_dir": "runs-00101-00200/00130",
    "time_limit": 1800,
    "unexplained_errors": [
      "run.err: Traceback (most recent call last):\n  File \"siwr.py\", line 81, in <module>\n    main( sys.argv[1], sys.argv[2], sys.argv[3], sys.argv[4] )\n  File \"siwr.py\", line 35, in main\n    task.solve()\nMemoryError\n"
    ]
  },
  "siwr-1-grid-p11.pddl": {
    "algorithm": "siwr-1",
    "coverage": 0,
    "domain": "grid",
    "error": "plan-found",
    "id": [
      "siwr-1",
      "grid",
      "p11.pddl"
    ],
    "memory_limit": 3000,
    "node": "n250",
    "nodes_expanded": 18855,
    "nodes_generated": 24195,
    "nodes_pruned": 23071,
    "not_i_reachable": 1,
    "planner_exit_code": 0,
    "problem": "p11.pddl",
    "run_dir": "runs-00101-00200/00131",
    "time_limit": 1800,
    "total_time": 30.9628,
    "width_average": 0.94026,
    "width_maximum": 1
  },
  "siwr-1-grid-p12.pddl": {
    "algorithm": "siwr-1",
    "coverage": 0,
    "domain": "grid",
    "error": "plan-found",
    "id": [
      "siwr-1",
      "grid",
      "p12.pddl"
    ],
    "memory_limit": 3000,
    "node": "n250",
    "nodes_expanded": 16609,
    "nodes_generated": 21161,
    "nodes_pruned": 19743,
    "not_i_reachable": 1,
    "planner_exit_code": 0,
    "problem": "p12.pddl",
    "run_dir": "runs-00101-00200/00132",
    "time_limit": 1800,
    "total_time": 34.7217,
    "unexplained_errors": [
      "driver.err: 2022-02-22 13:41:46,438 ERROR    run-planner finished and wrote 1147.345703125 KiB to run.log (soft limit: 1024.0 KiB)\n"
    ],
    "width_average": 0.917847,
    "width_maximum": 1
  },
  "siwr-1-grid-p13.pddl": {
    "algorithm": "siwr-1",
    "coverage": 0,
    "domain": "grid",
    "error": "unsolvable-or-error",
    "id": [
      "siwr-1",
      "grid",
      "p13.pddl"
    ],
    "memory_limit": 3000,
    "node": "n1962",
    "not_i_reachable": 0,
    "planner_exit_code": 1,
    "problem": "p13.pddl",
    "run_dir": "runs-00101-00200/00133",
    "time_limit": 1800,
    "unexplained_errors": [
      "run.err: Traceback (most recent call last):\n  File \"siwr.py\", line 81, in <module>\n    main( sys.argv[1], sys.argv[2], sys.argv[3], sys.argv[4] )\n  File \"siwr.py\", line 32, in main\n    task.setup()\nMemoryError\n"
    ]
  },
  "siwr-1-grid-p14.pddl": {
    "algorithm": "siwr-1",
    "coverage": 0,
    "domain": "grid",
    "error": "unsolvable-or-error",
    "id": [
      "siwr-1",
      "grid",
      "p14.pddl"
    ],
    "memory_limit": 3000,
    "node": "n722",
    "not_i_reachable": 0,
    "planner_exit_code": 1,
    "problem": "p14.pddl",
    "run_dir": "runs-00101-00200/00134",
    "time_limit": 1800,
    "unexplained_errors": [
      "run.err: Traceback (most recent call last):\n  File \"siwr.py\", line 81, in <module>\n  File \"siwr.py\", line 13, in main\n  File \"/proj/ssiw/projects/code/LAPKT-siwr/planners/siwr/fd/grounding.py\", line 456, in initialize_sketch_strips_problem\nMemoryError\n"
    ]
  },
  "siwr-1-grid-p15.pddl": {
    "algorithm": "siwr-1",
    "coverage": 0,
    "domain": "grid",
    "error": "unsolvable-or-error",
    "id": [
      "siwr-1",
      "grid",
      "p15.pddl"
    ],
    "memory_limit": 3000,
    "node": "n256",
    "not_i_reachable": 0,
    "planner_exit_code": 1,
    "problem": "p15.pddl",
    "run_dir": "runs-00101-00200/00135",
    "time_limit": 1800,
    "unexplained_errors": [
      "run.err: Traceback (most recent call last):\n  File \"siwr.py\", line 81, in <module>\n  File \"siwr.py\", line 13, in main\n  File \"/proj/ssiw/projects/code/LAPKT-siwr/planners/siwr/fd/grounding.py\", line 456, in initialize_sketch_strips_problem\nMemoryError\n"
    ]
  },
  "siwr-1-grid-p16.pddl": {
    "algorithm": "siwr-1",
    "coverage": 0,
    "domain": "grid",
    "error": "unsolvable-or-error",
    "id": [
      "siwr-1",
      "grid",
      "p16.pddl"
    ],
    "memory_limit": 3000,
    "node": "n250",
    "not_i_reachable": 0,
    "planner_exit_code": 1,
    "problem": "p16.pddl",
    "run_dir": "runs-00101-00200/00136",
    "time_limit": 1800,
    "unexplained_errors": [
      "run.err: Traceback (most recent call last):\n  File \"siwr.py\", line 81, in <module>\n  File \"siwr.py\", line 13, in main\n  File \"/proj/ssiw/projects/code/LAPKT-siwr/planners/siwr/fd/grounding.py\", line 456, in initialize_sketch_strips_problem\nMemoryError\n"
    ]
  },
  "siwr-1-grid-p17.pddl": {
    "algorithm": "siwr-1",
    "coverage": 0,
    "domain": "grid",
    "error": "unsolvable-or-error",
    "id": [
      "siwr-1",
      "grid",
      "p17.pddl"
    ],
    "memory_limit": 3000,
    "node": "n1961",
    "not_i_reachable": 0,
    "planner_exit_code": 1,
    "problem": "p17.pddl",
    "run_dir": "runs-00101-00200/00137",
    "time_limit": 1800,
    "unexplained_errors": [
      "run.err: Traceback (most recent call last):\n  File \"siwr.py\", line 81, in <module>\n  File \"siwr.py\", line 13, in main\n  File \"/proj/ssiw/projects/code/LAPKT-siwr/planners/siwr/fd/grounding.py\", line 456, in initialize_sketch_strips_problem\nMemoryError\n"
    ]
  },
  "siwr-1-grid-p18.pddl": {
    "algorithm": "siwr-1",
    "coverage": 0,
    "domain": "grid",
    "error": "unsolvable-or-error",
    "id": [
      "siwr-1",
      "grid",
      "p18.pddl"
    ],
    "memory_limit": 3000,
    "node": "n1960",
    "not_i_reachable": 0,
    "planner_exit_code": 1,
    "problem": "p18.pddl",
    "run_dir": "runs-00101-00200/00138",
    "time_limit": 1800,
    "unexplained_errors": [
      "run.err: Traceback (most recent call last):\n  File \"siwr.py\", line 81, in <module>\n  File \"siwr.py\", line 13, in main\n  File \"/proj/ssiw/projects/code/LAPKT-siwr/planners/siwr/fd/grounding.py\", line 456, in initialize_sketch_strips_problem\nMemoryError\n"
    ]
  },
  "siwr-1-grid-p19.pddl": {
    "algorithm": "siwr-1",
    "coverage": 0,
    "domain": "grid",
    "error": "unsolvable-or-error",
    "id": [
      "siwr-1",
      "grid",
      "p19.pddl"
    ],
    "memory_limit": 3000,
    "node": "n251",
    "not_i_reachable": 0,
    "planner_exit_code": 1,
    "problem": "p19.pddl",
    "run_dir": "runs-00101-00200/00139",
    "time_limit": 1800,
    "unexplained_errors": [
      "run.err: Traceback (most recent call last):\n  File \"siwr.py\", line 81, in <module>\n  File \"siwr.py\", line 13, in main\n  File \"/proj/ssiw/projects/code/LAPKT-siwr/planners/siwr/fd/grounding.py\", line 456, in initialize_sketch_strips_problem\nMemoryError\n"
    ]
  },
  "siwr-1-grid-p20.pddl": {
    "algorithm": "siwr-1",
    "coverage": 0,
    "domain": "grid",
    "error": "unsolvable-or-error",
    "id": [
      "siwr-1",
      "grid",
      "p20.pddl"
    ],
    "memory_limit": 3000,
    "node": "n256",
    "not_i_reachable": 0,
    "planner_exit_code": 1,
    "problem": "p20.pddl",
    "run_dir": "runs-00101-00200/00140",
    "time_limit": 1800,
    "unexplained_errors": [
      "run.err: Traceback (most recent call last):\n  File \"siwr.py\", line 81, in <module>\n  File \"siwr.py\", line 13, in main\n  File \"/proj/ssiw/projects/code/LAPKT-siwr/planners/siwr/fd/grounding.py\", line 456, in initialize_sketch_strips_problem\nMemoryError\n"
    ]
  },
  "siwr-1-grid-p21.pddl": {
    "algorithm": "siwr-1",
    "coverage": 0,
    "domain": "grid",
    "error": "unsolvable-or-error",
    "id": [
      "siwr-1",
      "grid",
      "p21.pddl"
    ],
    "memory_limit": 3000,
    "node": "n1961",
    "not_i_reachable": 0,
    "planner_exit_code": 1,
    "problem": "p21.pddl",
    "run_dir": "runs-00101-00200/00141",
    "time_limit": 1800,
    "unexplained_errors": [
      "run.err: Traceback (most recent call last):\n  File \"siwr.py\", line 81, in <module>\n  File \"siwr.py\", line 13, in main\n  File \"/proj/ssiw/projects/code/LAPKT-siwr/planners/siwr/fd/grounding.py\", line 456, in initialize_sketch_strips_problem\nMemoryError\n"
    ]
  },
  "siwr-1-grid-p22.pddl": {
    "algorithm": "siwr-1",
    "coverage": 0,
    "domain": "grid",
    "error": "unsolvable-or-error",
    "id": [
      "siwr-1",
      "grid",
      "p22.pddl"
    ],
    "memory_limit": 3000,
    "node": "n251",
    "not_i_reachable": 0,
    "planner_exit_code": 1,
    "problem": "p22.pddl",
    "run_dir": "runs-00101-00200/00142",
    "time_limit": 1800,
    "unexplained_errors": [
      "run.err: Traceback (most recent call last):\n  File \"siwr.py\", line 81, in <module>\n  File \"siwr.py\", line 13, in main\n  File \"/proj/ssiw/projects/code/LAPKT-siwr/planners/siwr/fd/grounding.py\", line 456, in initialize_sketch_strips_problem\nMemoryError\n"
    ]
  },
  "siwr-1-grid-p23.pddl": {
    "algorithm": "siwr-1",
    "coverage": 0,
    "domain": "grid",
    "error": "unsolvable-or-error",
    "id": [
      "siwr-1",
      "grid",
      "p23.pddl"
    ],
    "memory_limit": 3000,
    "node": "n428",
    "not_i_reachable": 0,
    "planner_exit_code": 1,
    "problem": "p23.pddl",
    "run_dir": "runs-00101-00200/00143",
    "time_limit": 1800,
    "unexplained_errors": [
      "run.err: Traceback (most recent call last):\n  File \"siwr.py\", line 81, in <module>\n  File \"siwr.py\", line 13, in main\n  File \"/proj/ssiw/projects/code/LAPKT-siwr/planners/siwr/fd/grounding.py\", line 456, in initialize_sketch_strips_problem\nMemoryError\n"
    ]
  },
  "siwr-1-grid-p24.pddl": {
    "algorithm": "siwr-1",
    "coverage": 0,
    "domain": "grid",
    "error": "unsolvable-or-error",
    "id": [
      "siwr-1",
      "grid",
      "p24.pddl"
    ],
    "memory_limit": 3000,
    "node": "n250",
    "not_i_reachable": 0,
    "planner_exit_code": 1,
    "problem": "p24.pddl",
    "run_dir": "runs-00101-00200/00144",
    "time_limit": 1800,
    "unexplained_errors": [
      "run.err: MemoryError\n\nDuring handling of the above exception, another exception occurred:\n\nMemoryError\n\nDuring handling of the above exception, another exception occurred:\n\nMemoryError\n\nDuring handling of the above exception, another exception occurred:\n\nTraceback (most recent call last):\n  File \"siwr.py\", line 81, in <module>\n    main( sys.argv[1], sys.argv[2], sys.argv[3], sys.argv[4] )\n  File \"siwr.py\", line 13, in main\n    fd.grounding.initialize_sketch_strips_problem( domain_file, problem_file, sketch_file, task )\n  File \"/proj/ssiw/projects/code/LAPKT-siwr/planners/siwr/fd/grounding.py\", line 429, in initialize_sketch_strips_problem\n    task, atoms, atom_names, atom_table, init_facts, negated_atom_idxs, nd_actions, mutex_groups = ground_sketch_strips_problem(domain_file, problem_file)\nMemoryError\n"
    ]
  },
  "siwr-1-grid-p25.pddl": {
    "algorithm": "siwr-1",
    "coverage": 0,
    "domain": "grid",
    "error": "unsolvable-or-error",
    "id": [
      "siwr-1",
      "grid",
      "p25.pddl"
    ],
    "memory_limit": 3000,
    "node": "n817",
    "not_i_reachable": 0,
    "planner_exit_code": 1,
    "problem": "p25.pddl",
    "run_dir": "runs-00101-00200/00145",
    "time_limit": 1800,
    "unexplained_errors": [
      "run.err: MemoryError\n\nDuring handling of the above exception, another exception occurred:\n\nTraceback (most recent call last):\n  File \"/proj/ssiw/projects/code/LAPKT-siwr/planners/siwr/fd/grounding.py\", line 416, in ground_sketch_strips_problem\nMemoryError\n\nDuring handling of the above exception, another exception occurred:\n\nMemoryError\n\nDuring handling of the above exception, another exception occurred:\n\nMemoryError\n\nDuring handling of the above exception, another exception occurred:\n\nMemoryError\n"
    ]
  },
  "siwr-1-grid-p26.pddl": {
    "algorithm": "siwr-1",
    "coverage": 0,
    "domain": "grid",
    "error": "unsolvable-or-error",
    "id": [
      "siwr-1",
      "grid",
      "p26.pddl"
    ],
    "memory_limit": 3000,
    "node": "n251",
    "not_i_reachable": 0,
    "planner_exit_code": 1,
    "problem": "p26.pddl",
    "run_dir": "runs-00101-00200/00146",
    "time_limit": 1800,
    "unexplained_errors": [
      "run.err: MemoryError\n\nDuring handling of the above exception, another exception occurred:\n\nTraceback (most recent call last):\n  File \"/proj/ssiw/projects/code/LAPKT-siwr/planners/siwr/fd/pddl/conditions.py\", line 370, in instantiate\nMemoryError\n\nDuring handling of the above exception, another exception occurred:\n\nMemoryError\n\nDuring handling of the above exception, another exception occurred:\n\nMemoryError\n\nDuring handling of the above exception, another exception occurred:\n\nTraceback (most recent call last):\n  File \"/proj/ssiw/projects/code/LAPKT-siwr/planners/siwr/fd/grounding.py\", line 63, in instantiate\nMemoryError\n\nDuring handling of the above exception, another exception occurred:\n\nMemoryError\n\nDuring handling of the above exception, another exception occurred:\n\nMemoryError\n\nDuring handling of the above exception, another exception occurred:\n\nMemoryError\n\nDuring handling of the above exception, another exception occurred:\n\nMemoryError\n\nDuring handling of the above exception, another exception occurred:\n\nMemoryError\n\nDuring handling of the above exception, another exception occurred:\n\nMemoryError\n\nDuring handling of the above exception, another exception occurred:\n\nMemoryError\n\nDuring handling of the above exception, another exception occurred:\n\nMemoryError\n"
    ]
  },
  "siwr-1-grid-p27.pddl": {
    "algorithm": "siwr-1",
    "coverage": 0,
    "domain": "grid",
    "error": "unsolvable-or-error",
    "id": [
      "siwr-1",
      "grid",
      "p27.pddl"
    ],
    "memory_limit": 3000,
    "node": "n1961",
    "not_i_reachable": 0,
    "planner_exit_code": 1,
    "problem": "p27.pddl",
    "run_dir": "runs-00101-00200/00147",
    "time_limit": 1800,
    "unexplained_errors": [
      "run.err: MemoryError\n\nDuring handling of the above exception, another exception occurred:\n\nTraceback (most recent call last):\n  File \"/proj/ssiw/projects/code/LAPKT-siwr/planners/siwr/fd/pddl/conditions.py\", line 347, in instantiate\nMemoryError\n\nDuring handling of the above exception, another exception occurred:\n\nTraceback (most recent call last):\n  File \"/proj/ssiw/projects/code/LAPKT-siwr/planners/siwr/fd/pddl/actions.py\", line 84, in instantiate\nMemoryError\n\nDuring handling of the above exception, another exception occurred:\n\nMemoryError\n\nDuring handling of the above exception, another exception occurred:\n\nMemoryError\n\nDuring handling of the above exception, another exception occurred:\n\nMemoryError\n\nDuring handling of the above exception, another exception occurred:\n\nMemoryError\n\nDuring handling of the above exception, another exception occurred:\n\nMemoryError\n\nDuring handling of the above exception, another exception occurred:\n\nMemoryError\n\nDuring handling of the above exception, another exception occurred:\n\nMemoryError\n\nDuring handling of the above exception, another exception occurred:\n\nMemoryError\n\nDuring handling of the above exception, another exception occurred:\n\nMemoryError\n"
    ]
  },
  "siwr-1-grid-p28.pddl": {
    "algorithm": "siwr-1",
    "coverage": 0,
    "domain": "grid",
    "error": "unsolvable-or-error",
    "id": [
      "siwr-1",
      "grid",
      "p28.pddl"
    ],
    "memory_limit": 3000,
    "node": "n1962",
    "not_i_reachable": 0,
    "planner_exit_code": 1,
    "problem": "p28.pddl",
    "run_dir": "runs-00101-00200/00148",
    "time_limit": 1800,
    "unexplained_errors": [
      "run.err: Traceback (most recent call last):\n  File \"siwr.py\", line 81, in <module>\n  File \"siwr.py\", line 13, in main\n  File \"/proj/ssiw/projects/code/LAPKT-siwr/planners/siwr/fd/grounding.py\", line 429, in initialize_sketch_strips_problem\n  File \"/proj/ssiw/projects/code/LAPKT-siwr/planners/siwr/fd/grounding.py\", line 387, in ground_sketch_strips_problem\n  File \"/proj/ssiw/projects/code/LAPKT-siwr/planners/siwr/fd/grounding.py\", line 87, in explore\n  File \"/proj/ssiw/projects/code/LAPKT-siwr/planners/siwr/fd/grounding.py\", line 60, in instantiate\nMemoryError\n"
    ]
  },
  "siwr-1-grid-p29.pddl": {
    "algorithm": "siwr-1",
    "coverage": 0,
    "domain": "grid",
    "error": "unsolvable-or-error",
    "id": [
      "siwr-1",
      "grid",
      "p29.pddl"
    ],
    "memory_limit": 3000,
    "node": "n256",
    "not_i_reachable": 0,
    "planner_exit_code": 1,
    "problem": "p29.pddl",
    "run_dir": "runs-00101-00200/00149",
    "time_limit": 1800,
    "unexplained_errors": [
      "run.err: Traceback (most recent call last):\n  File \"siwr.py\", line 81, in <module>\n    main( sys.argv[1], sys.argv[2], sys.argv[3], sys.argv[4] )\n  File \"siwr.py\", line 13, in main\n    fd.grounding.initialize_sketch_strips_problem( domain_file, problem_file, sketch_file, task )\n  File \"/proj/ssiw/projects/code/LAPKT-siwr/planners/siwr/fd/grounding.py\", line 429, in initialize_sketch_strips_problem\n    task, atoms, atom_names, atom_table, init_facts, negated_atom_idxs, nd_actions, mutex_groups = ground_sketch_strips_problem(domain_file, problem_file)\n  File \"/proj/ssiw/projects/code/LAPKT-siwr/planners/siwr/fd/grounding.py\", line 387, in ground_sketch_strips_problem\n    relaxed_reachable, init_facts, atoms, actions, axioms, reachable_action_params = explore(\n  File \"/proj/ssiw/projects/code/LAPKT-siwr/planners/siwr/fd/grounding.py\", line 87, in explore\n    return instantiate(task, model)\n  File \"/proj/ssiw/projects/code/LAPKT-siwr/planners/siwr/fd/grounding.py\", line 67, in instantiate\n    instantiated_actions.append(inst_action)\nMemoryError\n"
    ]
  },
  "siwr-1-grid-p30.pddl": {
    "algorithm": "siwr-1",
    "coverage": 0,
    "domain": "grid",
    "error": "unsolvable-or-error",
    "id": [
      "siwr-1",
      "grid",
      "p30.pddl"
    ],
    "memory_limit": 3000,
    "node": "n1961",
    "not_i_reachable": 0,
    "planner_exit_code": 1,
    "problem": "p30.pddl",
    "run_dir": "runs-00101-00200/00150",
    "time_limit": 1800,
    "unexplained_errors": [
      "run.err: MemoryError\n\nDuring handling of the above exception, another exception occurred:\n\nTraceback (most recent call last):\n  File \"/proj/ssiw/projects/code/LAPKT-siwr/planners/siwr/fd/pddl/conditions.py\", line 368, in instantiate\nMemoryError\n\nDuring handling of the above exception, another exception occurred:\n\nMemoryError\n\nDuring handling of the above exception, another exception occurred:\n\nMemoryError\n\nDuring handling of the above exception, another exception occurred:\n\nTraceback (most recent call last):\n  File \"/proj/ssiw/projects/code/LAPKT-siwr/planners/siwr/fd/grounding.py\", line 63, in instantiate\nMemoryError\n\nDuring handling of the above exception, another exception occurred:\n\nMemoryError\n\nDuring handling of the above exception, another exception occurred:\n\nMemoryError\n\nDuring handling of the above exception, another exception occurred:\n\nMemoryError\n\nDuring handling of the above exception, another exception occurred:\n\nMemoryError\n\nDuring handling of the above exception, another exception occurred:\n\nMemoryError\n\nDuring handling of the above exception, another exception occurred:\n\nMemoryError\n\nDuring handling of the above exception, another exception occurred:\n\nMemoryError\n\nDuring handling of the above exception, another exception occurred:\n\nMemoryError\n"
    ]
  },
  "siwr-1-tpp-p01.pddl": {
    "algorithm": "siwr-1",
    "cost": 30,
    "coverage": 1,
    "domain": "tpp",
    "error": "plan-found",
    "id": [
      "siwr-1",
      "tpp",
      "p01.pddl"
    ],
    "memory_limit": 3000,
    "node": "n1961",
    "nodes_expanded": 53,
    "nodes_generated": 132,
    "nodes_pruned": 44,
    "not_i_reachable": 0,
    "planner_exit_code": 0,
    "problem": "p01.pddl",
    "run_dir": "runs-00101-00200/00151",
    "time_limit": 1800,
    "total_time": 0.00342099,
    "width_average": 0.5625,
    "width_maximum": 1
  },
  "siwr-1-tpp-p02.pddl": {
    "algorithm": "siwr-1",
    "cost": 24,
    "coverage": 1,
    "domain": "tpp",
    "error": "plan-found",
    "id": [
      "siwr-1",
      "tpp",
      "p02.pddl"
    ],
    "memory_limit": 3000,
    "node": "n1962",
    "nodes_expanded": 33,
    "nodes_generated": 159,
    "nodes_pruned": 7,
    "not_i_reachable": 0,
    "planner_exit_code": 0,
    "problem": "p02.pddl",
    "run_dir": "runs-00101-00200/00152",
    "time_limit": 1800,
    "total_time": 0.005669,
    "width_average": 0.352941,
    "width_maximum": 1
  },
  "siwr-1-tpp-p03.pddl": {
    "algorithm": "siwr-1",
    "cost": 62,
    "coverage": 1,
    "domain": "tpp",
    "error": "plan-found",
    "id": [
      "siwr-1",
      "tpp",
      "p03.pddl"
    ],
    "memory_limit": 3000,
    "node": "n251",
    "nodes_expanded": 83,
    "nodes_generated": 524,
    "nodes_pruned": 18,
    "not_i_reachable": 0,
    "planner_exit_code": 0,
    "problem": "p03.pddl",
    "run_dir": "runs-00101-00200/00153",
    "time_limit": 1800,
    "total_time": 0.023223,
    "width_average": 0.409091,
    "width_maximum": 1
  },
  "siwr-1-tpp-p04.pddl": {
    "algorithm": "siwr-1",
    "cost": 83,
    "coverage": 1,
    "domain": "tpp",
    "error": "plan-found",
    "id": [
      "siwr-1",
      "tpp",
      "p04.pddl"
    ],
    "memory_limit": 3000,
    "node": "n722",
    "nodes_expanded": 146,
    "nodes_generated": 1030,
    "nodes_pruned": 363,
    "not_i_reachable": 0,
    "planner_exit_code": 0,
    "problem": "p04.pddl",
    "run_dir": "runs-00101-00200/00154",
    "time_limit": 1800,
    "total_time": 0.068772,
    "width_average": 0.518519,
    "width_maximum": 1
  },
  "siwr-1-tpp-p05.pddl": {
    "algorithm": "siwr-1",
    "cost": 90,
    "coverage": 1,
    "domain": "tpp",
    "error": "plan-found",
    "id": [
      "siwr-1",
      "tpp",
      "p05.pddl"
    ],
    "memory_limit": 3000,
    "node": "n256",
    "nodes_expanded": 114,
    "nodes_generated": 835,
    "nodes_pruned": 56,
    "not_i_reachable": 0,
    "planner_exit_code": 0,
    "problem": "p05.pddl",
    "run_dir": "runs-00101-00200/00155",
    "time_limit": 1800,
    "total_time": 0.082503,
    "width_average": 0.186667,
    "width_maximum": 1
  },
  "siwr-1-tpp-p06.pddl": {
    "algorithm": "siwr-1",
    "cost": 90,
    "coverage": 1,
    "domain": "tpp",
    "error": "plan-found",
    "id": [
      "siwr-1",
      "tpp",
      "p06.pddl"
    ],
    "memory_limit": 3000,
    "node": "n256",
    "nodes_expanded": 129,
    "nodes_generated": 1373,
    "nodes_pruned": 320,
    "not_i_reachable": 0,
    "planner_exit_code": 0,
    "problem": "p06.pddl",
    "run_dir": "runs-00101-00200/00156",
    "time_limit": 1800,
    "total_time": 0.205748,
    "width_average": 0.323529,
    "width_maximum": 1
  },
  "siwr-1-tpp-p07.pddl": {
    "algorithm": "siwr-1",
    "cost": 118,
    "coverage": 1,
    "domain": "tpp",
    "error": "plan-found",
    "id": [
      "siwr-1",
      "tpp",
      "p07.pddl"
    ],
    "memory_limit": 3000,
    "node": "n256",
    "nodes_expanded": 173,
    "nodes_generated": 1660,
    "nodes_pruned": 251,
    "not_i_reachable": 0,
    "planner_exit_code": 0,
    "problem": "p07.pddl",
    "run_dir": "runs-00101-00200/00157",
    "time_limit": 1800,
    "total_time": 0.33182,
    "width_average": 0.282609,
    "width_maximum": 1
  },
  "siwr-1-tpp-p08.pddl": {
    "algorithm": "siwr-1",
    "cost": 111,
    "coverage": 1,
    "domain": "tpp",
    "error": "plan-found",
    "id": [
      "siwr-1",
      "tpp",
      "p08.pddl"
    ],
    "memory_limit": 3000,
    "node": "n250",
    "nodes_expanded": 170,
    "nodes_generated": 1667,
    "nodes_pruned": 383,
    "not_i_reachable": 0,
    "planner_exit_code": 0,
    "problem": "p08.pddl",
    "run_dir": "runs-00101-00200/00158",
    "time_limit": 1800,
    "total_time": 0.418847,
    "width_average": 0.25,
    "width_maximum": 1
  },
  "siwr-1-tpp-p09.pddl": {
    "algorithm": "siwr-1",
    "cost": 185,
    "coverage": 1,
    "domain": "tpp",
    "error": "plan-found",
    "id": [
      "siwr-1",
      "tpp",
      "p09.pddl"
    ],
    "memory_limit": 3000,
    "node": "n256",
    "nodes_expanded": 240,
    "nodes_generated": 2307,
    "nodes_pruned": 80,
    "not_i_reachable": 0,
    "planner_exit_code": 0,
    "problem": "p09.pddl",
    "run_dir": "runs-00101-00200/00159",
    "time_limit": 1800,
    "total_time": 0.72257,
    "width_average": 0.258503,
    "width_maximum": 1
  },
  "siwr-1-tpp-p10.pddl": {
    "algorithm": "siwr-1",
    "cost": 178,
    "coverage": 1,
    "domain": "tpp",
    "error": "plan-found",
    "id": [
      "siwr-1",
      "tpp",
      "p10.pddl"
    ],
    "memory_limit": 3000,
    "node": "n1961",
    "nodes_expanded": 224,
    "nodes_generated": 2915,
    "nodes_pruned": 112,
    "not_i_reachable": 0,
    "planner_exit_code": 0,
    "problem": "p10.pddl",
    "run_dir": "runs-00101-00200/00160",
    "time_limit": 1800,
    "total_time": 0.97471,
    "width_average": 0.187919,
    "width_maximum": 1
  },
  "siwr-1-tpp-p11.pddl": {
    "algorithm": "siwr-1",
    "cost": 173,
    "coverage": 1,
    "domain": "tpp",
    "error": "plan-found",
    "id": [
      "siwr-1",
      "tpp",
      "p11.pddl"
    ],
    "memory_limit": 3000,
    "node": "n299",
    "nodes_expanded": 235,
    "nodes_generated": 2662,
    "nodes_pruned": 191,
    "not_i_reachable": 0,
    "planner_exit_code": 0,
    "problem": "p11.pddl",
    "run_dir": "runs-00101-00200/00161",
    "time_limit": 1800,
    "total_time": 1.25644,
    "width_average": 0.20979,
    "width_maximum": 1
  },
  "siwr-1-tpp-p12.pddl": {
    "algorithm": "siwr-1",
    "cost": 190,
    "coverage": 1,
    "domain": "tpp",
    "error": "plan-found",
    "id": [
      "siwr-1",
      "tpp",
      "p12.pddl"
    ],
    "memory_limit": 3000,
    "node": "n428",
    "nodes_expanded": 262,
    "nodes_generated": 3244,
    "nodes_pruned": 240,
    "not_i_reachable": 0,
    "planner_exit_code": 0,
    "problem": "p12.pddl",
    "run_dir": "runs-00101-00200/00162",
    "time_limit": 1800,
    "total_time": 1.91002,
    "width_average": 0.233766,
    "width_maximum": 1
  },
  "siwr-1-tpp-p13.pddl": {
    "algorithm": "siwr-1",
    "cost": 225,
    "coverage": 1,
    "domain": "tpp",
    "error": "plan-found",
    "id": [
      "siwr-1",
      "tpp",
      "p13.pddl"
    ],
    "memory_limit": 3000,
    "node": "n428",
    "nodes_expanded": 280,
    "nodes_generated": 4099,
    "nodes_pruned": 130,
    "not_i_reachable": 0,
    "planner_exit_code": 0,
    "problem": "p13.pddl",
    "run_dir": "runs-00101-00200/00163",
    "time_limit": 1800,
    "total_time": 2.67186,
    "width_average": 0.165803,
    "width_maximum": 1
  },
  "siwr-1-tpp-p14.pddl": {
    "algorithm": "siwr-1",
    "cost": 279,
    "coverage": 1,
    "domain": "tpp",
    "error": "plan-found",
    "id": [
      "siwr-1",
      "tpp",
      "p14.pddl"
    ],
    "memory_limit": 3000,
    "node": "n1062",
    "nodes_expanded": 367,
    "nodes_generated": 5000,
    "nodes_pruned": 345,
    "not_i_reachable": 0,
    "planner_exit_code": 0,
    "problem": "p14.pddl",
    "run_dir": "runs-00101-00200/00164",
    "time_limit": 1800,
    "total_time": 4.2255,
    "width_average": 0.148148,
    "width_maximum": 1
  },
  "siwr-1-tpp-p15.pddl": {
    "algorithm": "siwr-1",
    "cost": 241,
    "coverage": 1,
    "domain": "tpp",
    "error": "plan-found",
    "id": [
      "siwr-1",
      "tpp",
      "p15.pddl"
    ],
    "memory_limit": 3000,
    "node": "n250",
    "nodes_expanded": 307,
    "nodes_generated": 4731,
    "nodes_pruned": 201,
    "not_i_reachable": 0,
    "planner_exit_code": 0,
    "problem": "p15.pddl",
    "run_dir": "runs-00101-00200/00165",
    "time_limit": 1800,
    "total_time": 4.60843,
    "width_average": 0.199005,
    "width_maximum": 1
  },
  "siwr-1-tpp-p16.pddl": {
    "algorithm": "siwr-1",
    "cost": 223,
    "coverage": 1,
    "domain": "tpp",
    "error": "plan-found",
    "id": [
      "siwr-1",
      "tpp",
      "p16.pddl"
    ],
    "memory_limit": 3000,
    "node": "n1961",
    "nodes_expanded": 334,
    "nodes_generated": 5396,
    "nodes_pruned": 622,
    "not_i_reachable": 0,
    "planner_exit_code": 0,
    "problem": "p16.pddl",
    "run_dir": "runs-00101-00200/00166",
    "time_limit": 1800,
    "total_time": 6.22898,
    "width_average": 0.168421,
    "width_maximum": 1
  },
  "siwr-1-tpp-p17.pddl": {
    "algorithm": "siwr-1",
    "coverage": 0,
    "domain": "tpp",
    "error": "unsolvable-or-error",
    "id": [
      "siwr-1",
      "tpp",
      "p17.pddl"
    ],
    "memory_limit": 3000,
    "node": "n722",
    "not_i_reachable": 0,
    "planner_exit_code": 1,
    "problem": "p17.pddl",
    "run_dir": "runs-00101-00200/00167",
    "time_limit": 1800,
    "unexplained_errors": [
      "run.err: Traceback (most recent call last):\n  File \"siwr.py\", line 81, in <module>\n  File \"siwr.py\", line 13, in main\n  File \"/proj/ssiw/projects/code/LAPKT-siwr/planners/siwr/fd/grounding.py\", line 456, in initialize_sketch_strips_problem\nMemoryError\n"
    ]
  },
  "siwr-1-tpp-p18.pddl": {
    "algorithm": "siwr-1",
    "coverage": 0,
    "domain": "tpp",
    "error": "unsolvable-or-error",
    "id": [
      "siwr-1",
      "tpp",
      "p18.pddl"
    ],
    "memory_limit": 3000,
    "node": "n250",
    "not_i_reachable": 0,
    "planner_exit_code": 1,
    "problem": "p18.pddl",
    "run_dir": "runs-00101-00200/00168",
    "time_limit": 1800,
    "unexplained_errors": [
      "run.err: Traceback (most recent call last):\n  File \"siwr.py\", line 81, in <module>\n  File \"siwr.py\", line 13, in main\n  File \"/proj/ssiw/projects/code/LAPKT-siwr/planners/siwr/fd/grounding.py\", line 456, in initialize_sketch_strips_problem\nMemoryError\n"
    ]
  },
  "siwr-1-tpp-p19.pddl": {
    "algorithm": "siwr-1",
    "coverage": 0,
    "domain": "tpp",
    "error": "unsolvable-or-error",
    "id": [
      "siwr-1",
      "tpp",
      "p19.pddl"
    ],
    "memory_limit": 3000,
    "node": "n251",
    "not_i_reachable": 0,
    "planner_exit_code": 1,
    "problem": "p19.pddl",
    "run_dir": "runs-00101-00200/00169",
    "time_limit": 1800,
    "unexplained_errors": [
      "run.err: Traceback (most recent call last):\n  File \"siwr.py\", line 81, in <module>\n  File \"siwr.py\", line 13, in main\n  File \"/proj/ssiw/projects/code/LAPKT-siwr/planners/siwr/fd/grounding.py\", line 456, in initialize_sketch_strips_problem\nMemoryError\n"
    ]
  },
  "siwr-1-tpp-p20.pddl": {
    "algorithm": "siwr-1",
    "coverage": 0,
    "domain": "tpp",
    "error": "unsolvable-or-error",
    "id": [
      "siwr-1",
      "tpp",
      "p20.pddl"
    ],
    "memory_limit": 3000,
    "node": "n256",
    "not_i_reachable": 0,
    "planner_exit_code": 1,
    "problem": "p20.pddl",
    "run_dir": "runs-00101-00200/00170",
    "time_limit": 1800,
    "unexplained_errors": [
      "run.err: Traceback (most recent call last):\n  File \"/proj/ssiw/projects/code/LAPKT-siwr/planners/siwr/fd/grounding.py\", line 429, in initialize_sketch_strips_problem\n  File \"/proj/ssiw/projects/code/LAPKT-siwr/planners/siwr/fd/grounding.py\", line 417, in ground_sketch_strips_problem\n  File \"/proj/ssiw/projects/code/LAPKT-siwr/planners/siwr/fd/grounding.py\", line 157, in add_effect\n  File \"/proj/ssiw/projects/code/LAPKT-siwr/planners/siwr/fd/pddl/conditions.py\", line 312, in text\nMemoryError\n\nDuring handling of the above exception, another exception occurred:\n\nMemoryError\n\nDuring handling of the above exception, another exception occurred:\n\nMemoryError\n"
    ]
  },
  "siwr-1-tpp-p21.pddl": {
    "algorithm": "siwr-1",
    "coverage": 0,
    "domain": "tpp",
    "error": "unsolvable-or-error",
    "id": [
      "siwr-1",
      "tpp",
      "p21.pddl"
    ],
    "memory_limit": 3000,
    "node": "n817",
    "not_i_reachable": 0,
    "planner_exit_code": 1,
    "problem": "p21.pddl",
    "run_dir": "runs-00101-00200/00171",
    "time_limit": 1800,
    "unexplained_errors": [
      "run.err: Traceback (most recent call last):\n  File \"/proj/ssiw/projects/code/LAPKT-siwr/planners/siwr/fd/grounding.py\", line 416, in ground_sketch_strips_problem\n  File \"/proj/ssiw/projects/code/LAPKT-siwr/planners/siwr/fd/grounding.py\", line 104, in set_precondition\n  File \"/proj/ssiw/projects/code/LAPKT-siwr/planners/siwr/fd/pddl/conditions.py\", line 312, in text\nMemoryError\n\nDuring handling of the above exception, another exception occurred:\n\nMemoryError\n\nDuring handling of the above exception, another exception occurred:\n\nMemoryError\n\nDuring handling of the above exception, another exception occurred:\n\nMemoryError\n"
    ]
  },
  "siwr-1-tpp-p22.pddl": {
    "algorithm": "siwr-1",
    "coverage": 0,
    "domain": "tpp",
    "error": "unsolvable-or-error",
    "id": [
      "siwr-1",
      "tpp",
      "p22.pddl"
    ],
    "memory_limit": 3000,
    "node": "n1962",
    "not_i_reachable": 0,
    "planner_exit_code": 1,
    "problem": "p22.pddl",
    "run_dir": "runs-00101-00200/00172",
    "time_limit": 1800,
    "unexplained_errors": [
      "run.err: MemoryError\n\nDuring handling of the above exception, another exception occurred:\n\nTraceback (most recent call last):\n  File \"/proj/ssiw/projects/code/LAPKT-siwr/planners/siwr/fd/pddl/conditions.py\", line 346, in instantiate\nMemoryError\n\nDuring handling of the above exception, another exception occurred:\n\nMemoryError\n\nDuring handling of the above exception, another exception occurred:\n\nMemoryError\n\nDuring handling of the above exception, another exception occurred:\n\nTraceback (most recent call last):\n  File \"/proj/ssiw/projects/code/LAPKT-siwr/planners/siwr/fd/grounding.py\", line 63, in instantiate\nMemoryError\n\nDuring handling of the above exception, another exception occurred:\n\nMemoryError\n\nDuring handling of the above exception, another exception occurred:\n\nMemoryError\n\nDuring handling of the above exception, another exception occurred:\n\nMemoryError\n\nDuring handling of the above exception, another exception occurred:\n\nMemoryError\n\nDuring handling of the above exception, another exception occurred:\n\nMemoryError\n\nDuring handling of the above exception, another exception occurred:\n\nMemoryError\n\nDuring handling of the above exception, another exception occurred:\n\nMemoryError\n\nDuring handling of the above exception, another exception occurred:\n\nMemoryError\n"
    ]
  },
  "siwr-1-tpp-p23.pddl": {
    "algorithm": "siwr-1",
    "coverage": 0,
    "domain": "tpp",
    "error": "unsolvable-or-error",
    "id": [
      "siwr-1",
      "tpp",
      "p23.pddl"
    ],
    "memory_limit": 3000,
    "node": "n428",
    "not_i_reachable": 0,
    "planner_exit_code": 1,
    "problem": "p23.pddl",
    "run_dir": "runs-00101-00200/00173",
    "time_limit": 1800,
    "unexplained_errors": [
      "run.err: MemoryError\n\nDuring handling of the above exception, another exception occurred:\n\nTraceback (most recent call last):\n  File \"/proj/ssiw/projects/code/LAPKT-siwr/planners/siwr/fd/pddl/conditions.py\", line 370, in instantiate\nMemoryError\n\nDuring handling of the above exception, another exception occurred:\n\nMemoryError\n\nDuring handling of the above exception, another exception occurred:\n\nMemoryError\n\nDuring handling of the above exception, another exception occurred:\n\nTraceback (most recent call last):\n  File \"/proj/ssiw/projects/code/LAPKT-siwr/planners/siwr/fd/grounding.py\", line 63, in instantiate\nMemoryError\n\nDuring handling of the above exception, another exception occurred:\n\nMemoryError\n\nDuring handling of the above exception, another exception occurred:\n\nMemoryError\n\nDuring handling of the above exception, another exception occurred:\n\nMemoryError\n\nDuring handling of the above exception, another exception occurred:\n\nMemoryError\n\nDuring handling of the above exception, another exception occurred:\n\nMemoryError\n\nDuring handling of the above exception, another exception occurred:\n\nMemoryError\n\nDuring handling of the above exception, another exception occurred:\n\nMemoryError\n\nDuring handling of the above exception, another exception occurred:\n\nMemoryError\n"
    ]
  },
  "siwr-1-tpp-p24.pddl": {
    "algorithm": "siwr-1",
    "coverage": 0,
    "domain": "tpp",
    "error": "unsolvable-or-error",
    "id": [
      "siwr-1",
      "tpp",
      "p24.pddl"
    ],
    "memory_limit": 3000,
    "node": "n250",
    "not_i_reachable": 0,
    "planner_exit_code": 1,
    "problem": "p24.pddl",
    "run_dir": "runs-00101-00200/00174",
    "time_limit": 1800,
    "unexplained_errors": [
      "run.err: MemoryError\n\nDuring handling of the above exception, another exception occurred:\n\nTraceback (most recent call last):\n  File \"/proj/ssiw/projects/code/LAPKT-siwr/planners/siwr/fd/pddl/effects.py\", line 64, in _instantiate\nMemoryError\n\nDuring handling of the above exception, another exception occurred:\n\nMemoryError\n\nDuring handling of the above exception, another exception occurred:\n\nTraceback (most recent call last):\n  File \"/proj/ssiw/projects/code/LAPKT-siwr/planners/siwr/fd/grounding.py\", line 63, in instantiate\nMemoryError\n\nDuring handling of the above exception, another exception occurred:\n\nMemoryError\n\nDuring handling of the above exception, another exception occurred:\n\nMemoryError\n\nDuring handling of the above exception, another exception occurred:\n\nMemoryError\n\nDuring handling of the above exception, another exception occurred:\n\nMemoryError\n\nDuring handling of the above exception, another exception occurred:\n\nMemoryError\n\nDuring handling of the above exception, another exception occurred:\n\nMemoryError\n\nDuring handling of the above exception, another exception occurred:\n\nMemoryError\n\nDuring handling of the above exception, another exception occurred:\n\nMemoryError\n"
    ]
  },
  "siwr-1-tpp-p25.pddl": {
    "algorithm": "siwr-1",
    "coverage": 0,
    "domain": "tpp",
    "error": "unsolvable-or-error",
    "id": [
      "siwr-1",
      "tpp",
      "p25.pddl"
    ],
    "memory_limit": 3000,
    "node": "n817",
    "not_i_reachable": 0,
    "planner_exit_code": 1,
    "problem": "p25.pddl",
    "run_dir": "runs-00101-00200/00175",
    "time_limit": 1800,
    "unexplained_errors": [
      "run.err: MemoryError\n\nDuring handling of the above exception, another exception occurred:\n\nTraceback (most recent call last):\n  File \"/proj/ssiw/projects/code/LAPKT-siwr/planners/siwr/fd/pddl/effects.py\", line 64, in _instantiate\nMemoryError\n\nDuring handling of the above exception, another exception occurred:\n\nMemoryError\n\nDuring handling of the above exception, another exception occurred:\n\nTraceback (most recent call last):\n  File \"/proj/ssiw/projects/code/LAPKT-siwr/planners/siwr/fd/grounding.py\", line 63, in instantiate\nMemoryError\n\nDuring handling of the above exception, another exception occurred:\n\nMemoryError\n\nDuring handling of the above exception, another exception occurred:\n\nMemoryError\n\nDuring handling of the above exception, another exception occurred:\n\nMemoryError\n\nDuring handling of the above exception, another exception occurred:\n\nMemoryError\n\nDuring handling of the above exception, another exception occurred:\n\nMemoryError\n\nDuring handling of the above exception, another exception occurred:\n\nMemoryError\n\nDuring handling of the above exception, another exception occurred:\n\nMemoryError\n\nDuring handling of the above exception, another exception occurred:\n\nMemoryError\n"
    ]
  },
  "siwr-1-tpp-p26.pddl": {
    "algorithm": "siwr-1",
    "coverage": 0,
    "domain": "tpp",
    "error": "unsolvable-or-error",
    "id": [
      "siwr-1",
      "tpp",
      "p26.pddl"
    ],
    "memory_limit": 3000,
    "node": "n1962",
    "not_i_reachable": 0,
    "planner_exit_code": 1,
    "problem": "p26.pddl",
    "run_dir": "runs-00101-00200/00176",
    "time_limit": 1800,
    "unexplained_errors": [
      "run.err: MemoryError\n\nDuring handling of the above exception, another exception occurred:\n\nTraceback (most recent call last):\n  File \"/proj/ssiw/projects/code/LAPKT-siwr/planners/siwr/fd/pddl/conditions.py\", line 370, in instantiate\nMemoryError\n\nDuring handling of the above exception, another exception occurred:\n\nMemoryError\n\nDuring handling of the above exception, another exception occurred:\n\nMemoryError\n\nDuring handling of the above exception, another exception occurred:\n\nTraceback (most recent call last):\n  File \"/proj/ssiw/projects/code/LAPKT-siwr/planners/siwr/fd/grounding.py\", line 63, in instantiate\nMemoryError\n\nDuring handling of the above exception, another exception occurred:\n\nMemoryError\n\nDuring handling of the above exception, another exception occurred:\n\nMemoryError\n\nDuring handling of the above exception, another exception occurred:\n\nMemoryError\n\nDuring handling of the above exception, another exception occurred:\n\nMemoryError\n\nDuring handling of the above exception, another exception occurred:\n\nMemoryError\n\nDuring handling of the above exception, another exception occurred:\n\nMemoryError\n\nDuring handling of the above exception, another exception occurred:\n\nMemoryError\n\nDuring handling of the above exception, another exception occurred:\n\nMemoryError\n"
    ]
  },
  "siwr-1-tpp-p27.pddl": {
    "algorithm": "siwr-1",
    "coverage": 0,
    "domain": "tpp",
    "error": "unsolvable-or-error",
    "id": [
      "siwr-1",
      "tpp",
      "p27.pddl"
    ],
    "memory_limit": 3000,
    "node": "n256",
    "not_i_reachable": 0,
    "planner_exit_code": 1,
    "problem": "p27.pddl",
    "run_dir": "runs-00101-00200/00177",
    "time_limit": 1800,
    "unexplained_errors": [
      "run.err: MemoryError\n\nDuring handling of the above exception, another exception occurred:\n\nTraceback (most recent call last):\n  File \"/proj/ssiw/projects/code/LAPKT-siwr/planners/siwr/fd/pddl/conditions.py\", line 347, in instantiate\nMemoryError\n\nDuring handling of the above exception, another exception occurred:\n\nTraceback (most recent call last):\n  File \"/proj/ssiw/projects/code/LAPKT-siwr/planners/siwr/fd/pddl/actions.py\", line 84, in instantiate\nMemoryError\n\nDuring handling of the above exception, another exception occurred:\n\nMemoryError\n\nDuring handling of the above exception, another exception occurred:\n\nMemoryError\n\nDuring handling of the above exception, another exception occurred:\n\nMemoryError\n\nDuring handling of the above exception, another exception occurred:\n\nMemoryError\n\nDuring handling of the above exception, another exception occurred:\n\nMemoryError\n\nDuring handling of the above exception, another exception occurred:\n\nMemoryError\n\nDuring handling of the above exception, another exception occurred:\n\nMemoryError\n\nDuring handling of the above exception, another exception occurred:\n\nMemoryError\n\nDuring handling of the above exception, another exception occurred:\n\nMemoryError\n"
    ]
  },
  "siwr-1-tpp-p28.pddl": {
    "algorithm": "siwr-1",
    "coverage": 0,
    "domain": "tpp",
    "error": "unsolvable-or-error",
    "id": [
      "siwr-1",
      "tpp",
      "p28.pddl"
    ],
    "memory_limit": 3000,
    "node": "n1062",
    "not_i_reachable": 0,
    "planner_exit_code": 1,
    "problem": "p28.pddl",
    "run_dir": "runs-00101-00200/00178",
    "time_limit": 1800,
    "unexplained_errors": [
      "run.err: Traceback (most recent call last):\n  File \"/proj/ssiw/projects/code/LAPKT-siwr/planners/siwr/fd/grounding.py\", line 87, in explore\n  File \"/proj/ssiw/projects/code/LAPKT-siwr/planners/siwr/fd/grounding.py\", line 63, in instantiate\n  File \"/proj/ssiw/projects/code/LAPKT-siwr/planners/siwr/fd/pddl/actions.py\", line 80, in instantiate\nMemoryError\n\nDuring handling of the above exception, another exception occurred:\n\nTraceback (most recent call last):\n  File \"siwr.py\", line 13, in main\n  File \"/proj/ssiw/projects/code/LAPKT-siwr/planners/siwr/fd/grounding.py\", line 429, in initialize_sketch_strips_problem\nMemoryError\n\nDuring handling of the above exception, another exception occurred:\n\nMemoryError\n"
    ]
  },
  "siwr-1-tpp-p29.pddl": {
    "algorithm": "siwr-1",
    "coverage": 0,
    "domain": "tpp",
    "error": "unsolvable-or-error",
    "id": [
      "siwr-1",
      "tpp",
      "p29.pddl"
    ],
    "memory_limit": 3000,
    "node": "n1062",
    "not_i_reachable": 0,
    "planner_exit_code": 1,
    "problem": "p29.pddl",
    "run_dir": "runs-00101-00200/00179",
    "time_limit": 1800,
    "unexplained_errors": [
      "run.err: MemoryError\n\nDuring handling of the above exception, another exception occurred:\n\nMemoryError\n\nDuring handling of the above exception, another exception occurred:\n\nTraceback (most recent call last):\n  File \"/proj/ssiw/projects/code/LAPKT-siwr/planners/siwr/fd/grounding.py\", line 87, in explore\n  File \"/proj/ssiw/projects/code/LAPKT-siwr/planners/siwr/fd/grounding.py\", line 63, in instantiate\n  File \"/proj/ssiw/projects/code/LAPKT-siwr/planners/siwr/fd/pddl/actions.py\", line 100, in instantiate\nMemoryError\n\nDuring handling of the above exception, another exception occurred:\n\nTraceback (most recent call last):\n  File \"siwr.py\", line 13, in main\n  File \"/proj/ssiw/projects/code/LAPKT-siwr/planners/siwr/fd/grounding.py\", line 429, in initialize_sketch_strips_problem\nMemoryError\n\nDuring handling of the above exception, another exception occurred:\n\nMemoryError\n"
    ]
  },
  "siwr-1-tpp-p30.pddl": {
    "algorithm": "siwr-1",
    "coverage": 0,
    "domain": "tpp",
    "error": "unsolvable-or-error",
    "id": [
      "siwr-1",
      "tpp",
      "p30.pddl"
    ],
    "memory_limit": 3000,
    "node": "n578",
    "not_i_reachable": 0,
    "planner_exit_code": 1,
    "problem": "p30.pddl",
    "run_dir": "runs-00101-00200/00180",
    "time_limit": 1800,
    "unexplained_errors": [
      "run.err: MemoryError\n\nDuring handling of the above exception, another exception occurred:\n\nTraceback (most recent call last):\n  File \"/proj/ssiw/projects/code/LAPKT-siwr/planners/siwr/fd/pddl/conditions.py\", line 370, in instantiate\nMemoryError\n\nDuring handling of the above exception, another exception occurred:\n\nMemoryError\n\nDuring handling of the above exception, another exception occurred:\n\nMemoryError\n\nDuring handling of the above exception, another exception occurred:\n\nTraceback (most recent call last):\n  File \"/proj/ssiw/projects/code/LAPKT-siwr/planners/siwr/fd/grounding.py\", line 63, in instantiate\nMemoryError\n\nDuring handling of the above exception, another exception occurred:\n\nMemoryError\n\nDuring handling of the above exception, another exception occurred:\n\nMemoryError\n\nDuring handling of the above exception, another exception occurred:\n\nMemoryError\n\nDuring handling of the above exception, another exception occurred:\n\nMemoryError\n\nDuring handling of the above exception, another exception occurred:\n\nMemoryError\n\nDuring handling of the above exception, another exception occurred:\n\nMemoryError\n\nDuring handling of the above exception, another exception occurred:\n\nMemoryError\n\nDuring handling of the above exception, another exception occurred:\n\nMemoryError\n"
    ]
  },
  "siwr-2-barman-p01.pddl": {
    "algorithm": "siwr-2",
    "cost": 93,
    "coverage": 1,
    "domain": "barman",
    "error": "plan-found",
    "id": [
      "siwr-2",
      "barman",
      "p01.pddl"
    ],
    "memory_limit": 3000,
    "node": "n1961",
    "nodes_expanded": 5438,
    "nodes_generated": 8446,
    "nodes_pruned": 23937,
    "not_i_reachable": 0,
    "planner_exit_code": 0,
    "problem": "p01.pddl",
    "run_dir": "runs-00001-00100/00001",
    "time_limit": 1800,
    "total_time": 0.16236,
    "width_average": 1.14286,
    "width_maximum": 2
  },
  "siwr-2-barman-p02.pddl": {
    "algorithm": "siwr-2",
    "cost": 137,
    "coverage": 1,
    "domain": "barman",
    "error": "plan-found",
    "id": [
      "siwr-2",
      "barman",
      "p02.pddl"
    ],
    "memory_limit": 3000,
    "node": "n817",
    "nodes_expanded": 12487,
    "nodes_generated": 18436,
    "nodes_pruned": 67105,
    "not_i_reachable": 0,
    "planner_exit_code": 0,
    "problem": "p02.pddl",
    "run_dir": "runs-00001-00100/00002",
    "time_limit": 1800,
    "total_time": 0.536327,
    "width_average": 0.955556,
    "width_maximum": 2
  },
  "siwr-2-barman-p03.pddl": {
    "algorithm": "siwr-2",
    "cost": 203,
    "coverage": 1,
    "domain": "barman",
    "error": "plan-found",
    "id": [
      "siwr-2",
      "barman",
      "p03.pddl"
    ],
    "memory_limit": 3000,
    "node": "n250",
    "nodes_expanded": 28922,
    "nodes_generated": 44872,
    "nodes_pruned": 170103,
    "not_i_reachable": 0,
    "planner_exit_code": 0,
    "problem": "p03.pddl",
    "run_dir": "runs-00001-00100/00003",
    "time_limit": 1800,
    "total_time": 2.14113,
    "width_average": 1.19298,
    "width_maximum": 2
  },
  "siwr-2-barman-p04.pddl": {
    "algorithm": "siwr-2",
    "cost": 243,
    "coverage": 1,
    "domain": "barman",
    "error": "plan-found",
    "id": [
      "siwr-2",
      "barman",
      "p04.pddl"
    ],
    "memory_limit": 3000,
    "node": "n428",
    "nodes_expanded": 48117,
    "nodes_generated": 73179,
    "nodes_pruned": 321743,
    "not_i_reachable": 0,
    "planner_exit_code": 0,
    "problem": "p04.pddl",
    "run_dir": "runs-00001-00100/00004",
    "time_limit": 1800,
    "total_time": 3.64571,
    "width_average": 1.20588,
    "width_maximum": 2
  },
  "siwr-2-barman-p05.pddl": {
    "algorithm": "siwr-2",
    "cost": 298,
    "coverage": 1,
    "domain": "barman",
    "error": "plan-found",
    "id": [
      "siwr-2",
      "barman",
      "p05.pddl"
    ],
    "memory_limit": 3000,
    "node": "n1962",
    "nodes_expanded": 84551,
    "nodes_generated": 112842,
    "nodes_pruned": 678708,
    "not_i_reachable": 0,
    "planner_exit_code": 0,
    "problem": "p05.pddl",
    "run_dir": "runs-00001-00100/00005",
    "time_limit": 1800,
    "total_time": 7.82238,
    "width_average": 0.796296,
    "width_maximum": 2
  },
  "siwr-2-barman-p06.pddl": {
    "algorithm": "siwr-2",
    "cost": 356,
    "coverage": 1,
    "domain": "barman",
    "error": "plan-found",
    "id": [
      "siwr-2",
      "barman",
      "p06.pddl"
    ],
    "memory_limit": 3000,
    "node": "n256",
    "nodes_expanded": 131393,
    "nodes_generated": 190451,
    "nodes_pruned": 1100021,
    "not_i_reachable": 0,
    "planner_exit_code": 0,
    "problem": "p06.pddl",
    "run_dir": "runs-00001-00100/00006",
    "time_limit": 1800,
    "total_time": 15.0898,
    "width_average": 0.956522,
    "width_maximum": 2
  },
  "siwr-2-barman-p07.pddl": {
    "algorithm": "siwr-2",
    "cost": 413,
    "coverage": 1,
    "domain": "barman",
    "error": "plan-found",
    "id": [
      "siwr-2",
      "barman",
      "p07.pddl"
    ],
    "memory_limit": 3000,
    "node": "n250",
    "nodes_expanded": 189273,
    "nodes_generated": 288000,
    "nodes_pruned": 1735596,
    "not_i_reachable": 0,
    "planner_exit_code": 0,
    "problem": "p07.pddl",
    "run_dir": "runs-00001-00100/00007",
    "time_limit": 1800,
    "total_time": 28.8535,
    "width_average": 1.23009,
    "width_maximum": 2
  },
  "siwr-2-barman-p08.pddl": {
    "algorithm": "siwr-2",
    "cost": 442,
    "coverage": 1,
    "domain": "barman",
    "error": "plan-found",
    "id": [
      "siwr-2",
      "barman",
      "p08.pddl"
    ],
    "memory_limit": 3000,
    "node": "n1962",
    "nodes_expanded": 261290,
    "nodes_generated": 346646,
    "nodes_pruned": 2726354,
    "not_i_reachable": 0,
    "planner_exit_code": 0,
    "problem": "p08.pddl",
    "run_dir": "runs-00001-00100/00008",
    "time_limit": 1800,
    "total_time": 40.8833,
    "width_average": 0.79375,
    "width_maximum": 2
  },
  "siwr-2-barman-p09.pddl": {
    "algorithm": "siwr-2",
    "cost": 499,
    "coverage": 1,
    "domain": "barman",
    "error": "plan-found",
    "id": [
      "siwr-2",
      "barman",
      "p09.pddl"
    ],
    "memory_limit": 3000,
    "node": "n578",
    "nodes_expanded": 337239,
    "nodes_generated": 439644,
    "nodes_pruned": 3742957,
    "not_i_reachable": 0,
    "planner_exit_code": 0,
    "problem": "p09.pddl",
    "run_dir": "runs-00001-00100/00009",
    "time_limit": 1800,
    "total_time": 74.6203,
    "width_average": 0.88961,
    "width_maximum": 2
  },
  "siwr-2-barman-p10.pddl": {
    "algorithm": "siwr-2",
    "cost": 577,
    "coverage": 1,
    "domain": "barman",
    "error": "plan-found",
    "id": [
      "siwr-2",
      "barman",
      "p10.pddl"
    ],
    "memory_limit": 3000,
    "node": "n1962",
    "nodes_expanded": 468079,
    "nodes_generated": 695168,
    "nodes_pruned": 5531395,
    "not_i_reachable": 0,
    "planner_exit_code": 0,
    "problem": "p10.pddl",
    "run_dir": "runs-00001-00100/00010",
    "time_limit": 1800,
    "total_time": 102.019,
    "width_average": 1.21519,
    "width_maximum": 2
  },
  "siwr-2-barman-p11.pddl": {
    "algorithm": "siwr-2",
    "cost": 597,
    "coverage": 1,
    "domain": "barman",
    "error": "plan-found",
    "id": [
      "siwr-2",
      "barman",
      "p11.pddl"
    ],
    "memory_limit": 3000,
    "node": "n428",
    "nodes_expanded": 583288,
    "nodes_generated": 782420,
    "nodes_pruned": 6981851,
    "not_i_reachable": 0,
    "planner_exit_code": 0,
    "problem": "p11.pddl",
    "run_dir": "runs-00001-00100/00011",
    "time_limit": 1800,
    "total_time": 138.396,
    "width_average": 0.791667,
    "width_maximum": 2
  },
  "siwr-2-barman-p12.pddl": {
    "algorithm": "siwr-2",
    "cost": 658,
    "coverage": 1,
    "domain": "barman",
    "error": "plan-found",
    "id": [
      "siwr-2",
      "barman",
      "p12.pddl"
    ],
    "memory_limit": 3000,
    "node": "n250",
    "nodes_expanded": 752170,
    "nodes_generated": 1044362,
    "nodes_pruned": 10375545,
    "not_i_reachable": 0,
    "planner_exit_code": 0,
    "problem": "p12.pddl",
    "run_dir": "runs-00001-00100/00012",
    "time_limit": 1800,
    "total_time": 223.525,
    "width_average": 0.95283,
    "width_maximum": 2
  },
  "siwr-2-barman-p13.pddl": {
    "algorithm": "siwr-2",
    "cost": 695,
    "coverage": 1,
    "domain": "barman",
    "error": "plan-found",
    "id": [
      "siwr-2",
      "barman",
      "p13.pddl"
    ],
    "memory_limit": 3000,
    "node": "n1062",
    "nodes_expanded": 941908,
    "nodes_generated": 1229794,
    "nodes_pruned": 13804417,
    "not_i_reachable": 0,
    "planner_exit_code": 0,
    "problem": "p13.pddl",
    "run_dir": "runs-00001-00100/00013",
    "time_limit": 1800,
    "total_time": 292.275,
    "width_average": 0.792829,
    "width_maximum": 2
  },
  "siwr-2-barman-p14.pddl": {
    "algorithm": "siwr-2",
    "cost": 737,
    "coverage": 1,
    "domain": "barman",
    "error": "plan-found",
    "id": [
      "siwr-2",
      "barman",
      "p14.pddl"
    ],
    "memory_limit": 3000,
    "node": "n1962",
    "nodes_expanded": 1089912,
    "nodes_generated": 1429492,
    "nodes_pruned": 16472232,
    "not_i_reachable": 0,
    "planner_exit_code": 0,
    "problem": "p14.pddl",
    "run_dir": "runs-00001-00100/00014",
    "time_limit": 1800,
    "total_time": 428.386,
    "width_average": 0.793233,
    "width_maximum": 2
  },
  "siwr-2-barman-p15.pddl": {
    "algorithm": "siwr-2",
    "cost": 791,
    "coverage": 1,
    "domain": "barman",
    "error": "plan-found",
    "id": [
      "siwr-2",
      "barman",
      "p15.pddl"
    ],
    "memory_limit": 3000,
    "node": "n1961",
    "nodes_expanded": 1305538,
    "nodes_generated": 1722310,
    "nodes_pruned": 20044400,
    "not_i_reachable": 0,
    "planner_exit_code": 0,
    "problem": "p15.pddl",
    "run_dir": "runs-00001-00100/00015",
    "time_limit": 1800,
    "total_time": 703.72,
    "width_average": 0.79021,
    "width_maximum": 2
  },
  "siwr-2-barman-p16.pddl": {
    "algorithm": "siwr-2",
    "cost": 911,
    "coverage": 1,
    "domain": "barman",
    "error": "plan-found",
    "id": [
      "siwr-2",
      "barman",
      "p16.pddl"
    ],
    "memory_limit": 3000,
    "node": "n1962",
    "nodes_expanded": 1679061,
    "nodes_generated": 2537061,
    "nodes_pruned": 26956198,
    "not_i_reachable": 0,
    "planner_exit_code": 0,
    "problem": "p16.pddl",
    "run_dir": "runs-00001-00100/00016",
    "time_limit": 1800,
    "total_time": 937.756,
    "width_average": 1.22177,
    "width_maximum": 2
  },
  "siwr-2-barman-p17.pddl": {
    "algorithm": "siwr-2",
    "cost": 892,
    "coverage": 1,
    "domain": "barman",
    "error": "plan-found",
    "id": [
      "siwr-2",
      "barman",
      "p17.pddl"
    ],
    "memory_limit": 3000,
    "node": "n1961",
    "nodes_expanded": 1868219,
    "nodes_generated": 2455362,
    "nodes_pruned": 32048778,
    "not_i_reachable": 0,
    "planner_exit_code": 0,
    "problem": "p17.pddl",
    "run_dir": "runs-00001-00100/00017",
    "time_limit": 1800,
    "total_time": 1035.94,
    "width_average": 0.791925,
    "width_maximum": 2
  },
  "siwr-2-barman-p18.pddl": {
    "algorithm": "siwr-2",
    "cost": 986,
    "coverage": 1,
    "domain": "barman",
    "error": "plan-found",
    "id": [
      "siwr-2",
      "barman",
      "p18.pddl"
    ],
    "memory_limit": 3000,
    "node": "n1961",
    "nodes_expanded": 2208380,
    "nodes_generated": 3143506,
    "nodes_pruned": 38663243,
    "not_i_reachable": 0,
    "planner_exit_code": 0,
    "problem": "p18.pddl",
    "run_dir": "runs-00001-00100/00018",
    "time_limit": 1800,
    "total_time": 1404.39,
    "width_average": 1.00654,
    "width_maximum": 2
  },
  "siwr-2-barman-p19.pddl": {
    "algorithm": "siwr-2",
    "coverage": 0,
    "domain": "barman",
    "error": "unsolvable-or-error",
    "id": [
      "siwr-2",
      "barman",
      "p19.pddl"
    ],
    "memory_limit": 3000,
    "node": "n817",
    "not_i_reachable": 0,
    "planner_exit_code": -24,
    "problem": "p19.pddl",
    "run_dir": "runs-00001-00100/00019",
    "time_limit": 1800
  },
  "siwr-2-barman-p20.pddl": {
    "algorithm": "siwr-2",
    "cost": 347,
    "coverage": 1,
    "domain": "barman",
    "error": "plan-found",
    "id": [
      "siwr-2",
      "barman",
      "p20.pddl"
    ],
    "memory_limit": 3000,
    "node": "n721",
    "nodes_expanded": 208391,
    "nodes_generated": 255792,
    "nodes_pruned": 1913056,
    "not_i_reachable": 0,
    "planner_exit_code": 0,
    "problem": "p20.pddl",
    "run_dir": "runs-00001-00100/00020",
    "time_limit": 1800,
    "total_time": 31.3334,
    "width_average": 0.792,
    "width_maximum": 2
  },
  "siwr-2-barman-p21.pddl": {
    "algorithm": "siwr-2",
    "cost": 361,
    "coverage": 1,
    "domain": "barman",
    "error": "plan-found",
    "id": [
      "siwr-2",
      "barman",
      "p21.pddl"
    ],
    "memory_limit": 3000,
    "node": "n428",
    "nodes_expanded": 232922,
    "nodes_generated": 285509,
    "nodes_pruned": 2186662,
    "not_i_reachable": 0,
    "planner_exit_code": 0,
    "problem": "p21.pddl",
    "run_dir": "runs-00001-00100/00021",
    "time_limit": 1800,
    "total_time": 37.3592,
    "width_average": 0.792308,
    "width_maximum": 2
  },
  "siwr-2-barman-p22.pddl": {
    "algorithm": "siwr-2",
    "cost": 389,
    "coverage": 1,
    "domain": "barman",
    "error": "plan-found",
    "id": [
      "siwr-2",
      "barman",
      "p22.pddl"
    ],
    "memory_limit": 3000,
    "node": "n1962",
    "nodes_expanded": 287516,
    "nodes_generated": 351759,
    "nodes_pruned": 2843337,
    "not_i_reachable": 0,
    "planner_exit_code": 0,
    "problem": "p22.pddl",
    "run_dir": "runs-00001-00100/00022",
    "time_limit": 1800,
    "total_time": 45.5702,
    "width_average": 0.792857,
    "width_maximum": 2
  },
  "siwr-2-barman-p23.pddl": {
    "algorithm": "siwr-2",
    "cost": 403,
    "coverage": 1,
    "domain": "barman",
    "error": "plan-found",
    "id": [
      "siwr-2",
      "barman",
      "p23.pddl"
    ],
    "memory_limit": 3000,
    "node": "n817",
    "nodes_expanded": 317786,
    "nodes_generated": 388462,
    "nodes_pruned": 3218596,
    "not_i_reachable": 0,
    "planner_exit_code": 0,
    "problem": "p23.pddl",
    "run_dir": "runs-00001-00100/00023",
    "time_limit": 1800,
    "total_time": 50.5309,
    "width_average": 0.793103,
    "width_maximum": 2
  },
  "siwr-2-barman-p24.pddl": {
    "algorithm": "siwr-2",
    "cost": 417,
    "coverage": 1,
    "domain": "barman",
    "error": "plan-found",
    "id": [
      "siwr-2",
      "barman",
      "p24.pddl"
    ],
    "memory_limit": 3000,
    "node": "n1961",
    "nodes_expanded": 350094,
    "nodes_generated": 427717,
    "nodes_pruned": 3613853,
    "not_i_reachable": 0,
    "planner_exit_code": 0,
    "problem": "p24.pddl",
    "run_dir": "runs-00001-00100/00024",
    "time_limit": 1800,
    "total_time": 53.9141,
    "width_average": 0.793333,
    "width_maximum": 2
  },
  "siwr-2-barman-p25.pddl": {
    "algorithm": "siwr-2",
    "cost": 431,
    "coverage": 1,
    "domain": "barman",
    "error": "plan-found",
    "id": [
      "siwr-2",
      "barman",
      "p25.pddl"
    ],
    "memory_limit": 3000,
    "node": "n1062",
    "nodes_expanded": 384513,
    "nodes_generated": 469384,
    "nodes_pruned": 4078740,
    "not_i_reachable": 0,
    "planner_exit_code": 0,
    "problem": "p25.pddl",
    "run_dir": "runs-00001-00100/00025",
    "time_limit": 1800,
    "total_time": 69.4671,
    "width_average": 0.793548,
    "width_maximum": 2
  },
  "siwr-2-barman-p26.pddl": {
    "algorithm": "siwr-2",
    "cost": 445,
    "coverage": 1,
    "domain": "barman",
    "error": "plan-found",
    "id": [
      "siwr-2",
      "barman",
      "p26.pddl"
    ],
    "memory_limit": 3000,
    "node": "n1962",
    "nodes_expanded": 421111,
    "nodes_generated": 513866,
    "nodes_pruned": 4573329,
    "not_i_reachable": 0,
    "planner_exit_code": 0,
    "problem": "p26.pddl",
    "run_dir": "runs-00001-00100/00026",
    "time_limit": 1800,
    "total_time": 81.4833,
    "width_average": 0.79375,
    "width_maximum": 2
  },
  "siwr-2-barman-p27.pddl": {
    "algorithm": "siwr-2",
    "cost": 473,
    "coverage": 1,
    "domain": "barman",
    "error": "plan-found",
    "id": [
      "siwr-2",
      "barman",
      "p27.pddl"
    ],
    "memory_limit": 3000,
    "node": "n1961",
    "nodes_expanded": 501133,
    "nodes_generated": 610983,
    "nodes_pruned": 5648201,
    "not_i_reachable": 0,
    "planner_exit_code": 0,
    "problem": "p27.pddl",
    "run_dir": "runs-00001-00100/00027",
    "time_limit": 1800,
    "total_time": 96.8605,
    "width_average": 0.794118,
    "width_maximum": 2
  },
  "siwr-2-barman-p28.pddl": {
    "algorithm": "siwr-2",
    "cost": 487,
    "coverage": 1,
    "domain": "barman",
    "error": "plan-found",
    "id": [
      "siwr-2",
      "barman",
      "p28.pddl"
    ],
    "memory_limit": 3000,
    "node": "n1961",
    "nodes_expanded": 544659,
    "nodes_generated": 663486,
    "nodes_pruned": 6284556,
    "not_i_reachable": 0,
    "planner_exit_code": 0,
    "problem": "p28.pddl",
    "run_dir": "runs-00001-00100/00028",
    "time_limit": 1800,
    "total_time": 120.736,
    "width_average": 0.794286,
    "width_maximum": 2
  },
  "siwr-2-barman-p29.pddl": {
    "algorithm": "siwr-2",
    "cost": 501,
    "coverage": 1,
    "domain": "barman",
    "error": "plan-found",
    "id": [
      "siwr-2",
      "barman",
      "p29.pddl"
    ],
    "memory_limit": 3000,
    "node": "n251",
    "nodes_expanded": 590661,
    "nodes_generated": 719211,
    "nodes_pruned": 6954160,
    "not_i_reachable": 0,
    "planner_exit_code": 0,
    "problem": "p29.pddl",
    "run_dir": "runs-00001-00100/00029",
    "time_limit": 1800,
    "total_time": 117.426,
    "width_average": 0.794444,
    "width_maximum": 2
  },
  "siwr-2-barman-p30.pddl": {
    "algorithm": "siwr-2",
    "cost": 515,
    "coverage": 1,
    "domain": "barman",
    "error": "plan-found",
    "id": [
      "siwr-2",
      "barman",
      "p30.pddl"
    ],
    "memory_limit": 3000,
    "node": "n256",
    "nodes_expanded": 639179,
    "nodes_generated": 777940,
    "nodes_pruned": 7681858,
    "not_i_reachable": 0,
    "planner_exit_code": 0,
    "problem": "p30.pddl",
    "run_dir": "runs-00001-00100/00030",
    "time_limit": 1800,
    "total_time": 131.416,
    "width_average": 0.794595,
    "width_maximum": 2
  },
  "siwr-2-floortile-p01.pddl": {
    "algorithm": "siwr-2",
    "cost": 21,
    "coverage": 1,
    "domain": "floortile",
    "error": "plan-found",
    "id": [
      "siwr-2",
      "floortile",
      "p01.pddl"
    ],
    "memory_limit": 3000,
    "node": "n256",
    "nodes_expanded": 34,
    "nodes_generated": 91,
    "nodes_pruned": 103,
    "not_i_reachable": 0,
    "planner_exit_code": 0,
    "problem": "p01.pddl",
    "run_dir": "runs-00001-00100/00091",
    "time_limit": 1800,
    "total_time": 0.000965002,
    "width_average": 1.25,
    "width_maximum": 2
  },
  "siwr-2-floortile-p02.pddl": {
    "algorithm": "siwr-2",
    "cost": 115,
    "coverage": 1,
    "domain": "floortile",
    "error": "plan-found",
    "id": [
      "siwr-2",
      "floortile",
      "p02.pddl"
    ],
    "memory_limit": 3000,
    "node": "n1961",
    "nodes_expanded": 584,
    "nodes_generated": 996,
    "nodes_pruned": 3518,
    "not_i_reachable": 0,
    "planner_exit_code": 0,
    "problem": "p02.pddl",
    "run_dir": "runs-00001-00100/00092",
    "time_limit": 1800,
    "total_time": 0.019018,
    "width_average": 1.85714,
    "width_maximum": 2
  },
  "siwr-2-floortile-p03.pddl": {
    "algorithm": "siwr-2",
    "cost": 149,
    "coverage": 1,
    "domain": "floortile",
    "error": "plan-found",
    "id": [
      "siwr-2",
      "floortile",
      "p03.pddl"
    ],
    "memory_limit": 3000,
    "node": "n817",
    "nodes_expanded": 1035,
    "nodes_generated": 2441,
    "nodes_pruned": 13790,
    "not_i_reachable": 0,
    "planner_exit_code": 0,
    "problem": "p03.pddl",
    "run_dir": "runs-00001-00100/00093",
    "time_limit": 1800,
    "total_time": 0.105731,
    "width_average": 1.36,
    "width_maximum": 2
  },
  "siwr-2-floortile-p04.pddl": {
    "algorithm": "siwr-2",
    "cost": 295,
    "coverage": 1,
    "domain": "floortile",
    "error": "plan-found",
    "id": [
      "siwr-2",
      "floortile",
      "p04.pddl"
    ],
    "memory_limit": 3000,
    "node": "n256",
    "nodes_expanded": 2759,
    "nodes_generated": 5523,
    "nodes_pruned": 41015,
    "not_i_reachable": 0,
    "planner_exit_code": 0,
    "problem": "p04.pddl",
    "run_dir": "runs-00001-00100/00094",
    "time_limit": 1800,
    "total_time": 0.682793,
    "width_average": 1.38095,
    "width_maximum": 2
  },
  "siwr-2-floortile-p05.pddl": {
    "algorithm": "siwr-2",
    "cost": 417,
    "coverage": 1,
    "domain": "floortile",
    "error": "plan-found",
    "id": [
      "siwr-2",
      "floortile",
      "p05.pddl"
    ],
    "memory_limit": 3000,
    "node": "n817",
    "nodes_expanded": 3666,
    "nodes_generated": 6688,
    "nodes_pruned": 56511,
    "not_i_reachable": 0,
    "planner_exit_code": 0,
    "problem": "p05.pddl",
    "run_dir": "runs-00001-00100/00095",
    "time_limit": 1800,
    "total_time": 1.89865,
    "width_average": 1.20635,
    "width_maximum": 2
  },
  "siwr-2-floortile-p06.pddl": {
    "algorithm": "siwr-2",
    "cost": 647,
    "coverage": 1,
    "domain": "floortile",
    "error": "plan-found",
    "id": [
      "siwr-2",
      "floortile",
      "p06.pddl"
    ],
    "memory_limit": 3000,
    "node": "n721",
    "nodes_expanded": 6778,
    "nodes_generated": 11989,
    "nodes_pruned": 105398,
    "not_i_reachable": 0,
    "planner_exit_code": 0,
    "problem": "p06.pddl",
    "run_dir": "runs-00001-00100/00096",
    "time_limit": 1800,
    "total_time": 7.7103,
    "width_average": 1.28571,
    "width_maximum": 2
  },
  "siwr-2-floortile-p07.pddl": {
    "algorithm": "siwr-2",
    "cost": 1009,
    "coverage": 1,
    "domain": "floortile",
    "error": "plan-found",
    "id": [
      "siwr-2",
      "floortile",
      "p07.pddl"
    ],
    "memory_limit": 3000,
    "node": "n251",
    "nodes_expanded": 10646,
    "nodes_generated": 16868,
    "nodes_pruned": 185767,
    "not_i_reachable": 0,
    "planner_exit_code": 0,
    "problem": "p07.pddl",
    "run_dir": "runs-00001-00100/00097",
    "time_limit": 1800,
    "total_time": 18.9299,
    "width_average": 1.13636,
    "width_maximum": 2
  },
  "siwr-2-floortile-p08.pddl": {
    "algorithm": "siwr-2",
    "cost": 1163,
    "coverage": 1,
    "domain": "floortile",
    "error": "plan-found",
    "id": [
      "siwr-2",
      "floortile",
      "p08.pddl"
    ],
    "memory_limit": 3000,
    "node": "n1962",
    "nodes_expanded": 12018,
    "nodes_generated": 20318,
    "nodes_pruned": 228385,
    "not_i_reachable": 0,
    "planner_exit_code": 0,
    "problem": "p08.pddl",
    "run_dir": "runs-00001-00100/00098",
    "time_limit": 1800,
    "total_time": 43.5218,
    "width_average": 1.06993,
    "width_maximum": 2
  },
  "siwr-2-floortile-p09.pddl": {
    "algorithm": "siwr-2",
    "cost": 1580,
    "coverage": 1,
    "domain": "floortile",
    "error": "plan-found",
    "id": [
      "siwr-2",
      "floortile",
      "p09.pddl"
    ],
    "memory_limit": 3000,
    "node": "n1960",
    "nodes_expanded": 18230,
    "nodes_generated": 27248,
    "nodes_pruned": 324421,
    "not_i_reachable": 0,
    "planner_exit_code": 0,
    "problem": "p09.pddl",
    "run_dir": "runs-00001-00100/00099",
    "time_limit": 1800,
    "total_time": 119.64,
    "width_average": 1.11364,
    "width_maximum": 2
  },
  "siwr-2-floortile-p10.pddl": {
    "algorithm": "siwr-2",
    "cost": 2076,
    "coverage": 1,
    "domain": "floortile",
    "error": "plan-found",
    "id": [
      "siwr-2",
      "floortile",
      "p10.pddl"
    ],
    "memory_limit": 3000,
    "node": "n1062",
    "nodes_expanded": 22538,
    "nodes_generated": 34504,
    "nodes_pruned": 374765,
    "not_i_reachable": 0,
    "planner_exit_code": 0,
    "problem": "p10.pddl",
    "run_dir": "runs-00001-00100/00100",
    "time_limit": 1800,
    "total_time": 200.121,
    "width_average": 1.15238,
    "width_maximum": 2
  },
  "siwr-2-floortile-p11.pddl": {
    "algorithm": "siwr-2",
    "cost": 2499,
    "coverage": 1,
    "domain": "floortile",
    "error": "plan-found",
    "id": [
      "siwr-2",
      "floortile",
      "p11.pddl"
    ],
    "memory_limit": 3000,
    "node": "n256",
    "nodes_expanded": 27366,
    "nodes_generated": 42495,
    "nodes_pruned": 447572,
    "not_i_reachable": 0,
    "planner_exit_code": 0,
    "problem": "p11.pddl",
    "run_dir": "runs-00101-00200/00101",
    "time_limit": 1800,
    "total_time": 341.795,
    "width_average": 1.1451,
    "width_maximum": 2
  },
  "siwr-2-floortile-p12.pddl": {
    "algorithm": "siwr-2",
    "cost": 2919,
    "coverage": 1,
    "domain": "floortile",
    "error": "plan-found",
    "id": [
      "siwr-2",
      "floortile",
      "p12.pddl"
    ],
    "memory_limit": 3000,
    "node": "n299",
    "nodes_expanded": 37476,
    "nodes_generated": 53800,
    "nodes_pruned": 623718,
    "not_i_reachable": 0,
    "planner_exit_code": 0,
    "problem": "p12.pddl",
    "run_dir": "runs-00101-00200/00102",
    "time_limit": 1800,
    "total_time": 855.516,
    "width_average": 1.08651,
    "width_maximum": 2
  },
  "siwr-2-floortile-p13.pddl": {
    "algorithm": "siwr-2",
    "cost": 2222,
    "coverage": 1,
    "domain": "floortile",
    "error": "plan-found",
    "id": [
      "siwr-2",
      "floortile",
      "p13.pddl"
    ],
    "memory_limit": 3000,
    "node": "n299",
    "nodes_expanded": 23197,
    "nodes_generated": 42158,
    "nodes_pruned": 395443,
    "not_i_reachable": 0,
    "planner_exit_code": 0,
    "problem": "p13.pddl",
    "run_dir": "runs-00101-00200/00103",
    "time_limit": 1800,
    "total_time": 1095.43,
    "width_average": 1.08529,
    "width_maximum": 2
  },
  "siwr-2-floortile-p14.pddl": {
    "algorithm": "siwr-2",
    "cost": 2388,
    "coverage": 1,
    "domain": "floortile",
    "error": "plan-found",
    "id": [
      "siwr-2",
      "floortile",
      "p14.pddl"
    ],
    "memory_limit": 3000,
    "node": "n1062",
    "nodes_expanded": 30120,
    "nodes_generated": 53885,
    "nodes_pruned": 559505,
    "not_i_reachable": 0,
    "planner_exit_code": 0,
    "problem": "p14.pddl",
    "run_dir": "runs-00101-00200/00104",
    "time_limit": 1800,
    "total_time": 1778.71,
    "width_average": 1.07071,
    "width_maximum": 2
  },
  "siwr-2-floortile-p15.pddl": {
    "algorithm": "siwr-2",
    "coverage": 0,
    "domain": "floortile",
    "error": "unsolvable-or-error",
    "id": [
      "siwr-2",
      "floortile",
      "p15.pddl"
    ],
    "memory_limit": 3000,
    "node": "n256",
    "not_i_reachable": 0,
    "planner_exit_code": -24,
    "problem": "p15.pddl",
    "run_dir": "runs-00101-00200/00105",
    "time_limit": 1800
  },
  "siwr-2-floortile-p16.pddl": {
    "algorithm": "siwr-2",
    "coverage": 0,
    "domain": "floortile",
    "error": "unsolvable-or-error",
    "id": [
      "siwr-2",
      "floortile",
      "p16.pddl"
    ],
    "memory_limit": 3000,
    "node": "n1062",
    "not_i_reachable": 0,
    "planner_exit_code": -24,
    "problem": "p16.pddl",
    "run_dir": "runs-00101-00200/00106",
    "time_limit": 1800
  },
  "siwr-2-floortile-p17.pddl": {
    "algorithm": "siwr-2",
    "coverage": 0,
    "domain": "floortile",
    "error": "unsolvable-or-error",
    "id": [
      "siwr-2",
      "floortile",
      "p17.pddl"
    ],
    "memory_limit": 3000,
    "node": "n256",
    "not_i_reachable": 0,
    "planner_exit_code": -24,
    "problem": "p17.pddl",
    "run_dir": "runs-00101-00200/00107",
    "time_limit": 1800
  },
  "siwr-2-floortile-p18.pddl": {
    "algorithm": "siwr-2",
    "coverage": 0,
    "domain": "floortile",
    "error": "unsolvable-or-error",
    "id": [
      "siwr-2",
      "floortile",
      "p18.pddl"
    ],
    "memory_limit": 3000,
    "node": "n251",
    "not_i_reachable": 0,
    "planner_exit_code": -24,
    "problem": "p18.pddl",
    "run_dir": "runs-00101-00200/00108",
    "time_limit": 1800
  },
  "siwr-2-floortile-p19.pddl": {
    "algorithm": "siwr-2",
    "coverage": 0,
    "domain": "floortile",
    "error": "unsolvable-or-error",
    "id": [
      "siwr-2",
      "floortile",
      "p19.pddl"
    ],
    "memory_limit": 3000,
    "node": "n251",
    "not_i_reachable": 0,
    "planner_exit_code": -24,
    "problem": "p19.pddl",
    "run_dir": "runs-00101-00200/00109",
    "time_limit": 1800
  },
  "siwr-2-floortile-p20.pddl": {
    "algorithm": "siwr-2",
    "coverage": 0,
    "domain": "floortile",
    "error": "unsolvable-or-error",
    "id": [
      "siwr-2",
      "floortile",
      "p20.pddl"
    ],
    "memory_limit": 3000,
    "node": "n1961",
    "not_i_reachable": 0,
    "planner_exit_code": -24,
    "problem": "p20.pddl",
    "run_dir": "runs-00101-00200/00110",
    "time_limit": 1800
  },
  "siwr-2-floortile-p21.pddl": {
    "algorithm": "siwr-2",
    "coverage": 0,
    "domain": "floortile",
    "error": "unsolvable-or-error",
    "id": [
      "siwr-2",
      "floortile",
      "p21.pddl"
    ],
    "memory_limit": 3000,
    "node": "n1962",
    "not_i_reachable": 0,
    "planner_exit_code": -24,
    "problem": "p21.pddl",
    "run_dir": "runs-00101-00200/00111",
    "time_limit": 1800
  },
  "siwr-2-floortile-p22.pddl": {
    "algorithm": "siwr-2",
    "coverage": 0,
    "domain": "floortile",
    "error": "unsolvable-or-error",
    "id": [
      "siwr-2",
      "floortile",
      "p22.pddl"
    ],
    "memory_limit": 3000,
    "node": "n250",
    "not_i_reachable": 0,
    "planner_exit_code": -24,
    "problem": "p22.pddl",
    "run_dir": "runs-00101-00200/00112",
    "time_limit": 1800
  },
  "siwr-2-floortile-p23.pddl": {
    "algorithm": "siwr-2",
    "coverage": 0,
    "domain": "floortile",
    "error": "unsolvable-or-error",
    "id": [
      "siwr-2",
      "floortile",
      "p23.pddl"
    ],
    "memory_limit": 3000,
    "node": "n1062",
    "not_i_reachable": 0,
    "planner_exit_code": -24,
    "problem": "p23.pddl",
    "run_dir": "runs-00101-00200/00113",
    "time_limit": 1800
  },
  "siwr-2-floortile-p24.pddl": {
    "algorithm": "siwr-2",
    "coverage": 0,
    "domain": "floortile",
    "error": "unsolvable-or-error",
    "id": [
      "siwr-2",
      "floortile",
      "p24.pddl"
    ],
    "memory_limit": 3000,
    "node": "n1062",
    "not_i_reachable": 0,
    "planner_exit_code": -24,
    "problem": "p24.pddl",
    "run_dir": "runs-00101-00200/00114",
    "time_limit": 1800
  },
  "siwr-2-floortile-p25.pddl": {
    "algorithm": "siwr-2",
    "coverage": 0,
    "domain": "floortile",
    "error": "unsolvable-or-error",
    "id": [
      "siwr-2",
      "floortile",
      "p25.pddl"
    ],
    "memory_limit": 3000,
    "node": "n1961",
    "not_i_reachable": 0,
    "planner_exit_code": -24,
    "problem": "p25.pddl",
    "run_dir": "runs-00101-00200/00115",
    "time_limit": 1800
  },
  "siwr-2-floortile-p26.pddl": {
    "algorithm": "siwr-2",
    "coverage": 0,
    "domain": "floortile",
    "error": "unsolvable-or-error",
    "id": [
      "siwr-2",
      "floortile",
      "p26.pddl"
    ],
    "memory_limit": 3000,
    "node": "n428",
    "not_i_reachable": 0,
    "planner_exit_code": -24,
    "problem": "p26.pddl",
    "run_dir": "runs-00101-00200/00116",
    "time_limit": 1800
  },
  "siwr-2-floortile-p27.pddl": {
    "algorithm": "siwr-2",
    "coverage": 0,
    "domain": "floortile",
    "error": "unsolvable-or-error",
    "id": [
      "siwr-2",
      "floortile",
      "p27.pddl"
    ],
    "memory_limit": 3000,
    "node": "n723",
    "not_i_reachable": 0,
    "planner_exit_code": -24,
    "problem": "p27.pddl",
    "run_dir": "runs-00101-00200/00117",
    "time_limit": 1800
  },
  "siwr-2-floortile-p28.pddl": {
    "algorithm": "siwr-2",
    "coverage": 0,
    "domain": "floortile",
    "error": "unsolvable-or-error",
    "id": [
      "siwr-2",
      "floortile",
      "p28.pddl"
    ],
    "memory_limit": 3000,
    "node": "n428",
    "not_i_reachable": 0,
    "planner_exit_code": -24,
    "problem": "p28.pddl",
    "run_dir": "runs-00101-00200/00118",
    "time_limit": 1800
  },
  "siwr-2-floortile-p29.pddl": {
    "algorithm": "siwr-2",
    "coverage": 0,
    "domain": "floortile",
    "error": "unsolvable-or-error",
    "id": [
      "siwr-2",
      "floortile",
      "p29.pddl"
    ],
    "memory_limit": 3000,
    "node": "n1062",
    "not_i_reachable": 0,
    "planner_exit_code": -24,
    "problem": "p29.pddl",
    "run_dir": "runs-00101-00200/00119",
    "time_limit": 1800
  },
  "siwr-2-floortile-p30.pddl": {
    "algorithm": "siwr-2",
    "coverage": 0,
    "domain": "floortile",
    "error": "unsolvable-or-error",
    "id": [
      "siwr-2",
      "floortile",
      "p30.pddl"
    ],
    "memory_limit": 3000,
    "node": "n250",
    "not_i_reachable": 0,
    "planner_exit_code": -24,
    "problem": "p30.pddl",
    "run_dir": "runs-00101-00200/00120",
    "time_limit": 1800
  }
}